1678444168066	geckodriver	INFO	Listening on 127.0.0.1:54087
1678444168591	mozrunner::runner	INFO	Running command: "/Applications/Firefox.app/Contents/MacOS/firefox-bin" "--marionette" "--remote-debugging-port" "54088" "--r ... s" "localhost" "-foreground" "-no-remote" "-profile" "/var/folders/sq/45_w8tg95mg50lbml10wv49r0000gn/T/rust_mozprofileaZCcXr"
1678444168979	Marionette	INFO	Marionette enabled
1678444169065	Marionette	INFO	Listening on port 54097
Read port: 54097
2023-03-10 15:59:29.118 plugin-container[3579:241605] nil host used in call to allowsSpecificHTTPSCertificateForHost
2023-03-10 15:59:29.118 plugin-container[3579:241605] nil host used in call to allowsAnyHTTPSCertificateForHost:
2023-03-10 15:59:29.125 plugin-container[3579:241605] nil host used in call to allowsSpecificHTTPSCertificateForHost
2023-03-10 15:59:29.125 plugin-container[3579:241605] nil host used in call to allowsAnyHTTPSCertificateForHost:
2023-03-10 15:59:29.126 plugin-container[3579:241607] nil host used in call to allowsSpecificHTTPSCertificateForHost
2023-03-10 15:59:29.126 plugin-container[3579:241607] nil host used in call to allowsAnyHTTPSCertificateForHost:
WebDriver BiDi listening on ws://127.0.0.1:54088
1678444169197	RemoteAgent	WARN	TLS certificate errors will be ignored for this session
console.warn: SearchSettings: "get: No settings file exists, new profile?" (new NotFoundError("Could not open the file at /var/folders/sq/45_w8tg95mg50lbml10wv49r0000gn/T/rust_mozprofileaZCcXr/search.json.mozlz4", (void 0)))
DevTools listening on ws://127.0.0.1:54088/devtools/browser/56d2583a-c94d-46c7-925d-e4887a5a3285
JavaScript warning: https://demowebshop.tricentis.com/Scripts/jquery-1.10.2.min.js, line 19: Using //@ to indicate sourceMappingURL pragmas is deprecated. Use //# instead
JavaScript warning: https://demowebshop.tricentis.com/Scripts/jquery-1.10.2.min.js, line 19: Using //@ to indicate sourceMappingURL pragmas is deprecated. Use //# instead
JavaScript warning: https://demowebshop.tricentis.com/Scripts/jquery-1.10.2.min.js, line 19: Using //@ to indicate sourceMappingURL pragmas is deprecated. Use //# instead
JavaScript warning: https://demowebshop.tricentis.com/Scripts/jquery-1.10.2.min.js, line 19: Using //@ to indicate sourceMappingURL pragmas is deprecated. Use //# instead
1678444265609	Marionette	INFO	Stopped listening on port 54097
