1678445576038	geckodriver	INFO	Listening on 127.0.0.1:59154
1678445576569	mozrunner::runner	INFO	Running command: "/Applications/Firefox.app/Contents/MacOS/firefox-bin" "--marionette" "--remote-debugging-port" "59155" "--r ... s" "localhost" "-foreground" "-no-remote" "-profile" "/var/folders/sq/45_w8tg95mg50lbml10wv49r0000gn/T/rust_mozprofileHmMLfF"
1678445576964	Marionette	INFO	Marionette enabled
1678445577053	Marionette	INFO	Listening on port 59168
Read port: 59168
2023-03-10 16:22:57.093 plugin-container[3963:257926] nil host used in call to allowsSpecificHTTPSCertificateForHost
2023-03-10 16:22:57.093 plugin-container[3963:257926] nil host used in call to allowsAnyHTTPSCertificateForHost:
2023-03-10 16:22:57.097 plugin-container[3963:257926] nil host used in call to allowsSpecificHTTPSCertificateForHost
2023-03-10 16:22:57.097 plugin-container[3963:257926] nil host used in call to allowsAnyHTTPSCertificateForHost:
2023-03-10 16:22:57.097 plugin-container[3963:257924] nil host used in call to allowsSpecificHTTPSCertificateForHost
2023-03-10 16:22:57.097 plugin-container[3963:257924] nil host used in call to allowsAnyHTTPSCertificateForHost:
WebDriver BiDi listening on ws://127.0.0.1:59155
1678445577167	RemoteAgent	WARN	TLS certificate errors will be ignored for this session
console.warn: SearchSettings: "get: No settings file exists, new profile?" (new NotFoundError("Could not open the file at /var/folders/sq/45_w8tg95mg50lbml10wv49r0000gn/T/rust_mozprofileHmMLfF/search.json.mozlz4", (void 0)))
DevTools listening on ws://127.0.0.1:59155/devtools/browser/1c2ee6e2-3905-4a0a-8c93-43a131f1a3cc
JavaScript warning: https://demowebshop.tricentis.com/Scripts/jquery-1.10.2.min.js, line 19: Using //@ to indicate sourceMappingURL pragmas is deprecated. Use //# instead
JavaScript warning: https://demowebshop.tricentis.com/Scripts/jquery-1.10.2.min.js, line 19: Using //@ to indicate sourceMappingURL pragmas is deprecated. Use //# instead
JavaScript warning: https://demowebshop.tricentis.com/Scripts/jquery-1.10.2.min.js, line 19: Using //@ to indicate sourceMappingURL pragmas is deprecated. Use //# instead
JavaScript error: resource://gre/modules/Prompter.jsm, line 1056: AbortError: Actor 'Prompt' destroyed before query 'Prompt:Open' was resolved
JavaScript warning: https://demowebshop.tricentis.com/Scripts/jquery-1.10.2.min.js, line 19: Using //@ to indicate sourceMappingURL pragmas is deprecated. Use //# instead
console.warn: LoginRecipes: "Falling back to a synchronous message for: https://demowebshop.tricentis.com."
1678445597425	Marionette	INFO	Stopped listening on port 59168
