1679554887773	geckodriver	INFO	Listening on 127.0.0.1:62070
1679554888296	mozrunner::runner	INFO	Running command: "/Applications/Firefox.app/Contents/MacOS/firefox-bin" "--marionette" "--remote-debugging-port" "62071" "--r ... s" "localhost" "-foreground" "-no-remote" "-profile" "/var/folders/sq/45_w8tg95mg50lbml10wv49r0000gn/T/rust_mozprofileNe9oHs"
1679554888706	Marionette	INFO	Marionette enabled
2023-03-23 12:31:28.844 plugin-container[2313:98579] nil host used in call to allowsSpecificHTTPSCertificateForHost
2023-03-23 12:31:28.844 plugin-container[2313:98579] nil host used in call to allowsAnyHTTPSCertificateForHost:
2023-03-23 12:31:28.849 plugin-container[2313:98579] nil host used in call to allowsSpecificHTTPSCertificateForHost
2023-03-23 12:31:28.849 plugin-container[2313:98579] nil host used in call to allowsAnyHTTPSCertificateForHost:
2023-03-23 12:31:28.849 plugin-container[2313:98583] nil host used in call to allowsSpecificHTTPSCertificateForHost
2023-03-23 12:31:28.849 plugin-container[2313:98583] nil host used in call to allowsAnyHTTPSCertificateForHost:
1679554888900	Marionette	INFO	Listening on port 62076
Read port: 62076
WebDriver BiDi listening on ws://127.0.0.1:62071
1679554889011	RemoteAgent	WARN	TLS certificate errors will be ignored for this session
console.warn: SearchSettings: "get: No settings file exists, new profile?" (new NotFoundError("Could not open the file at /var/folders/sq/45_w8tg95mg50lbml10wv49r0000gn/T/rust_mozprofileNe9oHs/search.json.mozlz4", (void 0)))
DevTools listening on ws://127.0.0.1:62071/devtools/browser/73fd0fdc-8e92-4b86-a00e-34400ba5f9a3
JavaScript warning: https://demowebshop.tricentis.com/Scripts/jquery-1.10.2.min.js, line 19: Using //@ to indicate sourceMappingURL pragmas is deprecated. Use //# instead
console.warn: LoginRecipes: "Falling back to a synchronous message for: https://demowebshop.tricentis.com."
console.warn: LoginRecipes: "Falling back to a synchronous message for: https://demowebshop.tricentis.com."
JavaScript warning: https://demowebshop.tricentis.com/Scripts/jquery-1.10.2.min.js, line 19: Using //@ to indicate sourceMappingURL pragmas is deprecated. Use //# instead
console.warn: LoginRecipes: "Falling back to a synchronous message for: https://demowebshop.tricentis.com."
JavaScript warning: https://demowebshop.tricentis.com/Scripts/jquery-1.10.2.min.js, line 19: Using //@ to indicate sourceMappingURL pragmas is deprecated. Use //# instead
Exiting due to channel error.
[GFX1-]: Receive IPC close with reason=AbnormalShutdown
Exiting due to channel error.
[GFX1-]: Receive IPC close with reason=AbnormalShutdown
Exiting due to channel error.
Exiting due to channel error.
Exiting due to channel error.
Exiting due to channel error.
