1679561595849	geckodriver	INFO	Listening on 127.0.0.1:60848
1679561596369	mozrunner::runner	INFO	Running command: "/Applications/Firefox.app/Contents/MacOS/firefox-bin" "--marionette" "--remote-debugging-port" "60849" "--r ... s" "localhost" "-foreground" "-no-remote" "-profile" "/var/folders/sq/45_w8tg95mg50lbml10wv49r0000gn/T/rust_mozprofileaQY9Tc"
1679561596765	Marionette	INFO	Marionette enabled
1679561596850	Marionette	INFO	Listening on port 60862
2023-03-23 14:23:16.881 plugin-container[3619:166082] nil host used in call to allowsSpecificHTTPSCertificateForHost
2023-03-23 14:23:16.882 plugin-container[3619:166082] nil host used in call to allowsAnyHTTPSCertificateForHost:
2023-03-23 14:23:16.891 plugin-container[3619:166082] nil host used in call to allowsSpecificHTTPSCertificateForHost
2023-03-23 14:23:16.891 plugin-container[3619:166082] nil host used in call to allowsAnyHTTPSCertificateForHost:
2023-03-23 14:23:16.891 plugin-container[3619:166080] nil host used in call to allowsSpecificHTTPSCertificateForHost
2023-03-23 14:23:16.891 plugin-container[3619:166080] nil host used in call to allowsAnyHTTPSCertificateForHost:
Read port: 60862
WebDriver BiDi listening on ws://127.0.0.1:60849
1679561596965	RemoteAgent	WARN	TLS certificate errors will be ignored for this session
console.warn: SearchSettings: "get: No settings file exists, new profile?" (new NotFoundError("Could not open the file at /var/folders/sq/45_w8tg95mg50lbml10wv49r0000gn/T/rust_mozprofileaQY9Tc/search.json.mozlz4", (void 0)))
DevTools listening on ws://127.0.0.1:60849/devtools/browser/06fed834-b12e-4374-9fb1-bb4e26b388d4
JavaScript warning: https://demowebshop.tricentis.com/Scripts/jquery-1.10.2.min.js, line 19: Using //@ to indicate sourceMappingURL pragmas is deprecated. Use //# instead
console.warn: LoginRecipes: "Falling back to a synchronous message for: https://demowebshop.tricentis.com."
console.warn: LoginRecipes: "Falling back to a synchronous message for: https://demowebshop.tricentis.com."
JavaScript warning: https://demowebshop.tricentis.com/Scripts/jquery-1.10.2.min.js, line 19: Using //@ to indicate sourceMappingURL pragmas is deprecated. Use //# instead
console.warn: LoginRecipes: "Falling back to a synchronous message for: https://demowebshop.tricentis.com."
JavaScript warning: https://demowebshop.tricentis.com/Scripts/jquery-1.10.2.min.js, line 19: Using //@ to indicate sourceMappingURL pragmas is deprecated. Use //# instead
console.warn: LoginRecipes: "Falling back to a synchronous message for: https://demowebshop.tricentis.com."
console.warn: LoginRecipes: "Falling back to a synchronous message for: https://demowebshop.tricentis.com."
JavaScript warning: https://demowebshop.tricentis.com/Scripts/jquery-1.10.2.min.js, line 19: Using //@ to indicate sourceMappingURL pragmas is deprecated. Use //# instead
console.warn: LoginRecipes: "Falling back to a synchronous message for: https://demowebshop.tricentis.com."
1679562910219	Marionette	INFO	Stopped listening on port 60862
JavaScript error: , line 0: NotFoundError: No such JSWindowActor 'DevToolsFrame'
