1679561026844	geckodriver	INFO	Listening on 127.0.0.1:59521
1679561027377	mozrunner::runner	INFO	Running command: "/Applications/Firefox.app/Contents/MacOS/firefox-bin" "--marionette" "--remote-debugging-port" "59522" "--r ... s" "localhost" "-foreground" "-no-remote" "-profile" "/var/folders/sq/45_w8tg95mg50lbml10wv49r0000gn/T/rust_mozprofilemBbVk9"
1679561027770	Marionette	INFO	Marionette enabled
1679561027870	Marionette	INFO	Listening on port 59527
Read port: 59527
2023-03-23 14:13:47.902 plugin-container[3459:159688] nil host used in call to allowsSpecificHTTPSCertificateForHost
2023-03-23 14:13:47.904 plugin-container[3459:159688] nil host used in call to allowsAnyHTTPSCertificateForHost:
2023-03-23 14:13:47.916 plugin-container[3459:159688] nil host used in call to allowsSpecificHTTPSCertificateForHost
2023-03-23 14:13:47.916 plugin-container[3459:159688] nil host used in call to allowsAnyHTTPSCertificateForHost:
2023-03-23 14:13:47.917 plugin-container[3459:159685] nil host used in call to allowsSpecificHTTPSCertificateForHost
2023-03-23 14:13:47.917 plugin-container[3459:159685] nil host used in call to allowsAnyHTTPSCertificateForHost:
WebDriver BiDi listening on ws://127.0.0.1:59522
1679561027987	RemoteAgent	WARN	TLS certificate errors will be ignored for this session
console.warn: SearchSettings: "get: No settings file exists, new profile?" (new NotFoundError("Could not open the file at /var/folders/sq/45_w8tg95mg50lbml10wv49r0000gn/T/rust_mozprofilemBbVk9/search.json.mozlz4", (void 0)))
DevTools listening on ws://127.0.0.1:59522/devtools/browser/1eb5aa60-0b63-4ca6-b566-1ff6f5c21d97
JavaScript warning: https://demowebshop.tricentis.com/Scripts/jquery-1.10.2.min.js, line 19: Using //@ to indicate sourceMappingURL pragmas is deprecated. Use //# instead
console.warn: LoginRecipes: "Falling back to a synchronous message for: https://demowebshop.tricentis.com."
console.warn: LoginRecipes: "Falling back to a synchronous message for: https://demowebshop.tricentis.com."
JavaScript warning: https://demowebshop.tricentis.com/Scripts/jquery-1.10.2.min.js, line 19: Using //@ to indicate sourceMappingURL pragmas is deprecated. Use //# instead
console.warn: LoginRecipes: "Falling back to a synchronous message for: https://demowebshop.tricentis.com."
JavaScript warning: https://demowebshop.tricentis.com/Scripts/jquery-1.10.2.min.js, line 19: Using //@ to indicate sourceMappingURL pragmas is deprecated. Use //# instead
console.warn: LoginRecipes: "Falling back to a synchronous message for: https://demowebshop.tricentis.com."
console.warn: LoginRecipes: "Falling back to a synchronous message for: https://demowebshop.tricentis.com."
JavaScript warning: https://demowebshop.tricentis.com/Scripts/jquery-1.10.2.min.js, line 19: Using //@ to indicate sourceMappingURL pragmas is deprecated. Use //# instead
1679561042592	Marionette	INFO	Stopped listening on port 59527
