1679555643158	geckodriver	INFO	Listening on 127.0.0.1:62696
1679555643685	mozrunner::runner	INFO	Running command: "/Applications/Firefox.app/Contents/MacOS/firefox-bin" "--marionette" "--remote-debugging-port" "62697" "--r ... s" "localhost" "-foreground" "-no-remote" "-profile" "/var/folders/sq/45_w8tg95mg50lbml10wv49r0000gn/T/rust_mozprofile1AatPw"
1679555644076	Marionette	INFO	Marionette enabled
1679555644156	Marionette	INFO	Listening on port 62702
2023-03-23 12:44:04.193 plugin-container[2620:118546] nil host used in call to allowsSpecificHTTPSCertificateForHost
2023-03-23 12:44:04.193 plugin-container[2620:118546] nil host used in call to allowsAnyHTTPSCertificateForHost:
2023-03-23 12:44:04.196 plugin-container[2620:118546] nil host used in call to allowsSpecificHTTPSCertificateForHost
2023-03-23 12:44:04.196 plugin-container[2620:118546] nil host used in call to allowsAnyHTTPSCertificateForHost:
2023-03-23 12:44:04.197 plugin-container[2620:118552] nil host used in call to allowsSpecificHTTPSCertificateForHost
2023-03-23 12:44:04.197 plugin-container[2620:118552] nil host used in call to allowsAnyHTTPSCertificateForHost:
Read port: 62702
WebDriver BiDi listening on ws://127.0.0.1:62697
1679555644287	RemoteAgent	WARN	TLS certificate errors will be ignored for this session
console.warn: SearchSettings: "get: No settings file exists, new profile?" (new NotFoundError("Could not open the file at /var/folders/sq/45_w8tg95mg50lbml10wv49r0000gn/T/rust_mozprofile1AatPw/search.json.mozlz4", (void 0)))
DevTools listening on ws://127.0.0.1:62697/devtools/browser/01e169b6-a2d4-418d-889f-0c92a05648ba
JavaScript warning: https://demowebshop.tricentis.com/Scripts/jquery-1.10.2.min.js, line 19: Using //@ to indicate sourceMappingURL pragmas is deprecated. Use //# instead
console.warn: LoginRecipes: "Falling back to a synchronous message for: https://demowebshop.tricentis.com."
console.warn: LoginRecipes: "Falling back to a synchronous message for: https://demowebshop.tricentis.com."
JavaScript warning: https://demowebshop.tricentis.com/Scripts/jquery-1.10.2.min.js, line 19: Using //@ to indicate sourceMappingURL pragmas is deprecated. Use //# instead
console.warn: LoginRecipes: "Falling back to a synchronous message for: https://demowebshop.tricentis.com."
JavaScript warning: https://demowebshop.tricentis.com/Scripts/jquery-1.10.2.min.js, line 19: Using //@ to indicate sourceMappingURL pragmas is deprecated. Use //# instead
console.warn: LoginRecipes: "Falling back to a synchronous message for: https://demowebshop.tricentis.com."
1679555901684	Marionette	INFO	Stopped listening on port 62702
JavaScript error: , line 0: NotFoundError: No such JSWindowActor 'DevToolsFrame'
JavaScript error: , line 0: NotFoundError: No such JSWindowActor 'DevToolsFrame'
JavaScript error: , line 0: NotFoundError: No such JSWindowActor 'DevToolsFrame'
