1678444659099	geckodriver	INFO	Listening on 127.0.0.1:55380
1678444659629	mozrunner::runner	INFO	Running command: "/Applications/Firefox.app/Contents/MacOS/firefox-bin" "--marionette" "--remote-debugging-port" "55381" "--r ... s" "localhost" "-foreground" "-no-remote" "-profile" "/var/folders/sq/45_w8tg95mg50lbml10wv49r0000gn/T/rust_mozprofilewaWc5j"
1678444660019	Marionette	INFO	Marionette enabled
1678444660097	Marionette	INFO	Listening on port 55386
2023-03-10 16:07:40.131 plugin-container[3756:247758] nil host used in call to allowsSpecificHTTPSCertificateForHost
2023-03-10 16:07:40.131 plugin-container[3756:247758] nil host used in call to allowsAnyHTTPSCertificateForHost:
2023-03-10 16:07:40.134 plugin-container[3756:247758] nil host used in call to allowsSpecificHTTPSCertificateForHost
2023-03-10 16:07:40.134 plugin-container[3756:247758] nil host used in call to allowsAnyHTTPSCertificateForHost:
2023-03-10 16:07:40.134 plugin-container[3756:247762] nil host used in call to allowsSpecificHTTPSCertificateForHost
2023-03-10 16:07:40.134 plugin-container[3756:247762] nil host used in call to allowsAnyHTTPSCertificateForHost:
Read port: 55386
WebDriver BiDi listening on ws://127.0.0.1:55381
1678444660221	RemoteAgent	WARN	TLS certificate errors will be ignored for this session
console.warn: SearchSettings: "get: No settings file exists, new profile?" (new NotFoundError("Could not open the file at /var/folders/sq/45_w8tg95mg50lbml10wv49r0000gn/T/rust_mozprofilewaWc5j/search.json.mozlz4", (void 0)))
DevTools listening on ws://127.0.0.1:55381/devtools/browser/33062b8d-1073-4873-b9c3-d4edd58ba9e3
JavaScript warning: https://demowebshop.tricentis.com/Scripts/jquery-1.10.2.min.js, line 19: Using //@ to indicate sourceMappingURL pragmas is deprecated. Use //# instead
JavaScript warning: https://demowebshop.tricentis.com/Scripts/jquery-1.10.2.min.js, line 19: Using //@ to indicate sourceMappingURL pragmas is deprecated. Use //# instead
JavaScript warning: https://demowebshop.tricentis.com/Scripts/jquery-1.10.2.min.js, line 19: Using //@ to indicate sourceMappingURL pragmas is deprecated. Use //# instead
JavaScript error: resource://gre/modules/Prompter.jsm, line 1056: AbortError: Actor 'Prompt' destroyed before query 'Prompt:Open' was resolved
JavaScript warning: https://demowebshop.tricentis.com/Scripts/jquery-1.10.2.min.js, line 19: Using //@ to indicate sourceMappingURL pragmas is deprecated. Use //# instead
1678444670722	Marionette	INFO	Stopped listening on port 55386
