1679553339156	geckodriver	INFO	Listening on 127.0.0.1:60582
1679553339680	mozrunner::runner	INFO	Running command: "/Applications/Firefox.app/Contents/MacOS/firefox-bin" "--marionette" "--remote-debugging-port" "60583" "--r ... s" "localhost" "-foreground" "-no-remote" "-profile" "/var/folders/sq/45_w8tg95mg50lbml10wv49r0000gn/T/rust_mozprofilecVNNaz"
1679553340084	Marionette	INFO	Marionette enabled
1679553340169	Marionette	INFO	Listening on port 60588
Read port: 60588
2023-03-23 12:05:40.206 plugin-container[1788:68795] nil host used in call to allowsSpecificHTTPSCertificateForHost
2023-03-23 12:05:40.207 plugin-container[1788:68795] nil host used in call to allowsAnyHTTPSCertificateForHost:
2023-03-23 12:05:40.210 plugin-container[1788:68795] nil host used in call to allowsSpecificHTTPSCertificateForHost
2023-03-23 12:05:40.210 plugin-container[1788:68795] nil host used in call to allowsAnyHTTPSCertificateForHost:
2023-03-23 12:05:40.211 plugin-container[1788:68799] nil host used in call to allowsSpecificHTTPSCertificateForHost
2023-03-23 12:05:40.211 plugin-container[1788:68799] nil host used in call to allowsAnyHTTPSCertificateForHost:
WebDriver BiDi listening on ws://127.0.0.1:60583
1679553340280	RemoteAgent	WARN	TLS certificate errors will be ignored for this session
console.warn: SearchSettings: "get: No settings file exists, new profile?" (new NotFoundError("Could not open the file at /var/folders/sq/45_w8tg95mg50lbml10wv49r0000gn/T/rust_mozprofilecVNNaz/search.json.mozlz4", (void 0)))
DevTools listening on ws://127.0.0.1:60583/devtools/browser/a5acbdeb-cc67-447d-a659-b3772f792e12
JavaScript warning: https://demowebshop.tricentis.com/Scripts/jquery-1.10.2.min.js, line 19: Using //@ to indicate sourceMappingURL pragmas is deprecated. Use //# instead
console.warn: LoginRecipes: "Falling back to a synchronous message for: https://demowebshop.tricentis.com."
console.warn: LoginRecipes: "Falling back to a synchronous message for: https://demowebshop.tricentis.com."
JavaScript warning: https://demowebshop.tricentis.com/Scripts/jquery-1.10.2.min.js, line 19: Using //@ to indicate sourceMappingURL pragmas is deprecated. Use //# instead
console.warn: LoginRecipes: "Falling back to a synchronous message for: https://demowebshop.tricentis.com."
JavaScript warning: https://demowebshop.tricentis.com/Scripts/jquery-1.10.2.min.js, line 19: Using //@ to indicate sourceMappingURL pragmas is deprecated. Use //# instead
console.warn: LoginRecipes: "Falling back to a synchronous message for: https://demowebshop.tricentis.com."
console.warn: LoginRecipes: "Falling back to a synchronous message for: https://demowebshop.tricentis.com."
Exiting due to channel error.
Exiting due to channel error.
Exiting due to channel error.
[GFX1-]: Receive IPC close with reason=AbnormalShutdown
Exiting due to channel error.
[GFX1-]: Receive IPC close with reason=AbnormalShutdown
Exiting due to channel error.
Exiting due to channel error.
