1679552222740	geckodriver	INFO	Listening on 127.0.0.1:56589
1679552223269	mozrunner::runner	INFO	Running command: "/Applications/Firefox.app/Contents/MacOS/firefox-bin" "--marionette" "--remote-debugging-port" "56590" "--r ... s" "localhost" "-foreground" "-no-remote" "-profile" "/var/folders/sq/45_w8tg95mg50lbml10wv49r0000gn/T/rust_mozprofilecKdi9j"
1679552223655	Marionette	INFO	Marionette enabled
1679552223738	Marionette	INFO	Listening on port 56599
2023-03-23 11:47:03.771 plugin-container[1626:55031] nil host used in call to allowsSpecificHTTPSCertificateForHost
2023-03-23 11:47:03.771 plugin-container[1626:55031] nil host used in call to allowsAnyHTTPSCertificateForHost:
2023-03-23 11:47:03.775 plugin-container[1626:55031] nil host used in call to allowsSpecificHTTPSCertificateForHost
2023-03-23 11:47:03.775 plugin-container[1626:55031] nil host used in call to allowsAnyHTTPSCertificateForHost:
2023-03-23 11:47:03.775 plugin-container[1626:55035] nil host used in call to allowsSpecificHTTPSCertificateForHost
2023-03-23 11:47:03.775 plugin-container[1626:55035] nil host used in call to allowsAnyHTTPSCertificateForHost:
Read port: 56599
WebDriver BiDi listening on ws://127.0.0.1:56590
1679552223863	RemoteAgent	WARN	TLS certificate errors will be ignored for this session
console.warn: SearchSettings: "get: No settings file exists, new profile?" (new NotFoundError("Could not open the file at /var/folders/sq/45_w8tg95mg50lbml10wv49r0000gn/T/rust_mozprofilecKdi9j/search.json.mozlz4", (void 0)))
DevTools listening on ws://127.0.0.1:56590/devtools/browser/bc446f69-9937-4abb-87f3-552f0df9d914
JavaScript warning: https://demowebshop.tricentis.com/Scripts/jquery-1.10.2.min.js, line 19: Using //@ to indicate sourceMappingURL pragmas is deprecated. Use //# instead
console.warn: LoginRecipes: "Falling back to a synchronous message for: https://demowebshop.tricentis.com."
console.warn: LoginRecipes: "Falling back to a synchronous message for: https://demowebshop.tricentis.com."
JavaScript warning: https://demowebshop.tricentis.com/Scripts/jquery-1.10.2.min.js, line 19: Using //@ to indicate sourceMappingURL pragmas is deprecated. Use //# instead
console.warn: LoginRecipes: "Falling back to a synchronous message for: https://demowebshop.tricentis.com."
JavaScript warning: https://demowebshop.tricentis.com/Scripts/jquery-1.10.2.min.js, line 19: Using //@ to indicate sourceMappingURL pragmas is deprecated. Use //# instead
console.warn: LoginRecipes: "Falling back to a synchronous message for: https://demowebshop.tricentis.com."
JavaScript error: , line 0: NotFoundError: No such JSWindowActor 'DevToolsFrame'
JavaScript error: , line 0: NotFoundError: No such JSWindowActor 'DevToolsFrame'
console.warn: LoginRecipes: "Falling back to a synchronous message for: https://demowebshop.tricentis.com."
[GFX1-]: Receive IPC close with reason=AbnormalShutdown
Exiting due to channel error.
[GFX1-]: Receive IPC close with reason=AbnormalShutdown
Exiting due to channel error.
Exiting due to channel error.
Exiting due to channel error.
Exiting due to channel error.
[GFX1-]: Receive IPC close with reason=AbnormalShutdown
Exiting due to channel error.
