1679461223556	geckodriver	INFO	Listening on 127.0.0.1:51243
1679461224081	mozrunner::runner	INFO	Running command: "/Applications/Firefox.app/Contents/MacOS/firefox-bin" "--marionette" "--remote-debugging-port" "51244" "--r ... s" "localhost" "-foreground" "-no-remote" "-profile" "/var/folders/sq/45_w8tg95mg50lbml10wv49r0000gn/T/rust_mozprofileRqlGom"
1679461224458	Marionette	INFO	Marionette enabled
1679461224535	Marionette	INFO	Listening on port 51254
2023-03-22 10:30:24.565 plugin-container[1213:37818] nil host used in call to allowsSpecificHTTPSCertificateForHost
2023-03-22 10:30:24.566 plugin-container[1213:37818] nil host used in call to allowsAnyHTTPSCertificateForHost:
2023-03-22 10:30:24.569 plugin-container[1213:37818] nil host used in call to allowsSpecificHTTPSCertificateForHost
2023-03-22 10:30:24.569 plugin-container[1213:37818] nil host used in call to allowsAnyHTTPSCertificateForHost:
2023-03-22 10:30:24.569 plugin-container[1213:37823] nil host used in call to allowsSpecificHTTPSCertificateForHost
2023-03-22 10:30:24.569 plugin-container[1213:37823] nil host used in call to allowsAnyHTTPSCertificateForHost:
Read port: 51254
WebDriver BiDi listening on ws://127.0.0.1:51244
1679461224669	RemoteAgent	WARN	TLS certificate errors will be ignored for this session
console.warn: SearchSettings: "get: No settings file exists, new profile?" (new NotFoundError("Could not open the file at /var/folders/sq/45_w8tg95mg50lbml10wv49r0000gn/T/rust_mozprofileRqlGom/search.json.mozlz4", (void 0)))
DevTools listening on ws://127.0.0.1:51244/devtools/browser/ef597058-3126-47b2-bdbd-ca9152da4b6c
JavaScript warning: https://demowebshop.tricentis.com/Scripts/jquery-1.10.2.min.js, line 19: Using //@ to indicate sourceMappingURL pragmas is deprecated. Use //# instead
console.warn: LoginRecipes: "Falling back to a synchronous message for: https://demowebshop.tricentis.com."
console.warn: LoginRecipes: "Falling back to a synchronous message for: https://demowebshop.tricentis.com."
JavaScript warning: https://demowebshop.tricentis.com/Scripts/jquery-1.10.2.min.js, line 19: Using //@ to indicate sourceMappingURL pragmas is deprecated. Use //# instead
1679461242867	Marionette	INFO	Stopped listening on port 51254
