1679051667715	geckodriver	INFO	Listening on 127.0.0.1:51423
1679051668230	mozrunner::runner	INFO	Running command: "/Applications/Firefox.app/Contents/MacOS/firefox-bin" "--marionette" "--remote-debugging-port" "51424" "--r ... s" "localhost" "-foreground" "-no-remote" "-profile" "/var/folders/sq/45_w8tg95mg50lbml10wv49r0000gn/T/rust_mozprofile0KNJfG"
1679051668753	Marionette	INFO	Marionette enabled
1679051668866	Marionette	INFO	Listening on port 51432
2023-03-17 16:44:28.939 plugin-container[1700:88162] nil host used in call to allowsSpecificHTTPSCertificateForHost
2023-03-17 16:44:28.940 plugin-container[1700:88162] nil host used in call to allowsAnyHTTPSCertificateForHost:
WebDriver BiDi listening on ws://127.0.0.1:51424
Read port: 51432
2023-03-17 16:44:28.973 plugin-container[1700:88162] nil host used in call to allowsSpecificHTTPSCertificateForHost
2023-03-17 16:44:28.973 plugin-container[1700:88162] nil host used in call to allowsAnyHTTPSCertificateForHost:
2023-03-17 16:44:28.974 plugin-container[1700:88164] nil host used in call to allowsSpecificHTTPSCertificateForHost
2023-03-17 16:44:28.974 plugin-container[1700:88164] nil host used in call to allowsAnyHTTPSCertificateForHost:
1679051669059	RemoteAgent	WARN	TLS certificate errors will be ignored for this session
console.warn: SearchSettings: "get: No settings file exists, new profile?" (new NotFoundError("Could not open the file at /var/folders/sq/45_w8tg95mg50lbml10wv49r0000gn/T/rust_mozprofile0KNJfG/search.json.mozlz4", (void 0)))
DevTools listening on ws://127.0.0.1:51424/devtools/browser/46dc3f4e-fa87-4ae8-881d-052e29821480
JavaScript warning: https://demowebshop.tricentis.com/Scripts/jquery-1.10.2.min.js, line 19: Using //@ to indicate sourceMappingURL pragmas is deprecated. Use //# instead
JavaScript warning: https://demowebshop.tricentis.com/Scripts/jquery-1.10.2.min.js, line 19: Using //@ to indicate sourceMappingURL pragmas is deprecated. Use //# instead
JavaScript warning: https://demowebshop.tricentis.com/Scripts/jquery-1.10.2.min.js, line 19: Using //@ to indicate sourceMappingURL pragmas is deprecated. Use //# instead
JavaScript warning: https://demowebshop.tricentis.com/Scripts/jquery-1.10.2.min.js, line 19: Using //@ to indicate sourceMappingURL pragmas is deprecated. Use //# instead
console.warn: LoginRecipes: "Falling back to a synchronous message for: https://demowebshop.tricentis.com."
1679051682679	Marionette	INFO	Stopped listening on port 51432
