1679461785442	geckodriver	INFO	Listening on 127.0.0.1:53173
1679461785968	mozrunner::runner	INFO	Running command: "/Applications/Firefox.app/Contents/MacOS/firefox-bin" "--marionette" "--remote-debugging-port" "53174" "--r ... s" "localhost" "-foreground" "-no-remote" "-profile" "/var/folders/sq/45_w8tg95mg50lbml10wv49r0000gn/T/rust_mozprofile6EXf3F"
1679461786339	Marionette	INFO	Marionette enabled
1679461786417	Marionette	INFO	Listening on port 53183
2023-03-22 10:39:46.453 plugin-container[1451:44634] nil host used in call to allowsSpecificHTTPSCertificateForHost
2023-03-22 10:39:46.453 plugin-container[1451:44634] nil host used in call to allowsAnyHTTPSCertificateForHost:
2023-03-22 10:39:46.457 plugin-container[1451:44634] nil host used in call to allowsSpecificHTTPSCertificateForHost
2023-03-22 10:39:46.457 plugin-container[1451:44634] nil host used in call to allowsAnyHTTPSCertificateForHost:
2023-03-22 10:39:46.457 plugin-container[1451:44638] nil host used in call to allowsSpecificHTTPSCertificateForHost
2023-03-22 10:39:46.457 plugin-container[1451:44638] nil host used in call to allowsAnyHTTPSCertificateForHost:
Read port: 53183
WebDriver BiDi listening on ws://127.0.0.1:53174
1679461786553	RemoteAgent	WARN	TLS certificate errors will be ignored for this session
console.warn: SearchSettings: "get: No settings file exists, new profile?" (new NotFoundError("Could not open the file at /var/folders/sq/45_w8tg95mg50lbml10wv49r0000gn/T/rust_mozprofile6EXf3F/search.json.mozlz4", (void 0)))
DevTools listening on ws://127.0.0.1:53174/devtools/browser/4674b86f-d969-4f45-b4fd-48d08aa5ea0f
JavaScript warning: https://demowebshop.tricentis.com/Scripts/jquery-1.10.2.min.js, line 19: Using //@ to indicate sourceMappingURL pragmas is deprecated. Use //# instead
console.warn: LoginRecipes: "Falling back to a synchronous message for: https://demowebshop.tricentis.com."
console.warn: LoginRecipes: "Falling back to a synchronous message for: https://demowebshop.tricentis.com."
JavaScript warning: https://demowebshop.tricentis.com/Scripts/jquery-1.10.2.min.js, line 19: Using //@ to indicate sourceMappingURL pragmas is deprecated. Use //# instead
1679461804150	Marionette	INFO	Stopped listening on port 53183
