1679554099025	geckodriver	INFO	Listening on 127.0.0.1:61179
1679554099550	mozrunner::runner	INFO	Running command: "/Applications/Firefox.app/Contents/MacOS/firefox-bin" "--marionette" "--remote-debugging-port" "61180" "--r ... s" "localhost" "-foreground" "-no-remote" "-profile" "/var/folders/sq/45_w8tg95mg50lbml10wv49r0000gn/T/rust_mozprofilea0RFTy"
1679554099954	Marionette	INFO	Marionette enabled
2023-03-23 12:18:20.081 plugin-container[2058:82110] nil host used in call to allowsSpecificHTTPSCertificateForHost
2023-03-23 12:18:20.081 plugin-container[2058:82110] nil host used in call to allowsAnyHTTPSCertificateForHost:
2023-03-23 12:18:20.085 plugin-container[2058:82110] nil host used in call to allowsSpecificHTTPSCertificateForHost
2023-03-23 12:18:20.085 plugin-container[2058:82110] nil host used in call to allowsAnyHTTPSCertificateForHost:
2023-03-23 12:18:20.085 plugin-container[2058:82112] nil host used in call to allowsSpecificHTTPSCertificateForHost
2023-03-23 12:18:20.085 plugin-container[2058:82112] nil host used in call to allowsAnyHTTPSCertificateForHost:
1679554100140	Marionette	INFO	Listening on port 61185
Read port: 61185
WebDriver BiDi listening on ws://127.0.0.1:61180
1679554100261	RemoteAgent	WARN	TLS certificate errors will be ignored for this session
console.warn: SearchSettings: "get: No settings file exists, new profile?" (new NotFoundError("Could not open the file at /var/folders/sq/45_w8tg95mg50lbml10wv49r0000gn/T/rust_mozprofilea0RFTy/search.json.mozlz4", (void 0)))
DevTools listening on ws://127.0.0.1:61180/devtools/browser/a4df24fc-4dac-4a87-857c-67612c31e1ca
JavaScript warning: https://demowebshop.tricentis.com/Scripts/jquery-1.10.2.min.js, line 19: Using //@ to indicate sourceMappingURL pragmas is deprecated. Use //# instead
console.warn: LoginRecipes: "Falling back to a synchronous message for: https://demowebshop.tricentis.com."
console.warn: LoginRecipes: "Falling back to a synchronous message for: https://demowebshop.tricentis.com."
JavaScript warning: https://demowebshop.tricentis.com/Scripts/jquery-1.10.2.min.js, line 19: Using //@ to indicate sourceMappingURL pragmas is deprecated. Use //# instead
console.warn: LoginRecipes: "Falling back to a synchronous message for: https://demowebshop.tricentis.com."
JavaScript warning: https://demowebshop.tricentis.com/Scripts/jquery-1.10.2.min.js, line 19: Using //@ to indicate sourceMappingURL pragmas is deprecated. Use //# instead
Exiting due to channel error.
Exiting due to channel error.
Exiting due to channel error.
Exiting due to channel error.
Exiting due to channel error.
Exiting due to channel error.
