1678445020524	geckodriver	INFO	Listening on 127.0.0.1:56802
1678445021053	mozrunner::runner	INFO	Running command: "/Applications/Firefox.app/Contents/MacOS/firefox-bin" "--marionette" "--remote-debugging-port" "56803" "--r ... s" "localhost" "-foreground" "-no-remote" "-profile" "/var/folders/sq/45_w8tg95mg50lbml10wv49r0000gn/T/rust_mozprofilev2Ms9Y"
1678445021441	Marionette	INFO	Marionette enabled
1678445021523	Marionette	INFO	Listening on port 56812
2023-03-10 16:13:41.557 plugin-container[3871:252800] nil host used in call to allowsSpecificHTTPSCertificateForHost
2023-03-10 16:13:41.557 plugin-container[3871:252800] nil host used in call to allowsAnyHTTPSCertificateForHost:
2023-03-10 16:13:41.560 plugin-container[3871:252800] nil host used in call to allowsSpecificHTTPSCertificateForHost
2023-03-10 16:13:41.560 plugin-container[3871:252800] nil host used in call to allowsAnyHTTPSCertificateForHost:
2023-03-10 16:13:41.561 plugin-container[3871:252803] nil host used in call to allowsSpecificHTTPSCertificateForHost
2023-03-10 16:13:41.561 plugin-container[3871:252803] nil host used in call to allowsAnyHTTPSCertificateForHost:
Read port: 56812
WebDriver BiDi listening on ws://127.0.0.1:56803
1678445021644	RemoteAgent	WARN	TLS certificate errors will be ignored for this session
console.warn: SearchSettings: "get: No settings file exists, new profile?" (new NotFoundError("Could not open the file at /var/folders/sq/45_w8tg95mg50lbml10wv49r0000gn/T/rust_mozprofilev2Ms9Y/search.json.mozlz4", (void 0)))
DevTools listening on ws://127.0.0.1:56803/devtools/browser/798058b5-3c47-45f5-9851-e16cb3839dd8
JavaScript warning: https://demowebshop.tricentis.com/Scripts/jquery-1.10.2.min.js, line 19: Using //@ to indicate sourceMappingURL pragmas is deprecated. Use //# instead
JavaScript warning: https://demowebshop.tricentis.com/Scripts/jquery-1.10.2.min.js, line 19: Using //@ to indicate sourceMappingURL pragmas is deprecated. Use //# instead
JavaScript warning: https://demowebshop.tricentis.com/Scripts/jquery-1.10.2.min.js, line 19: Using //@ to indicate sourceMappingURL pragmas is deprecated. Use //# instead
JavaScript warning: https://demowebshop.tricentis.com/Scripts/jquery-1.10.2.min.js, line 19: Using //@ to indicate sourceMappingURL pragmas is deprecated. Use //# instead
1678449299414	Marionette	INFO	Stopped listening on port 56812
