1679554211271	geckodriver	INFO	Listening on 127.0.0.1:61282
1679554211795	mozrunner::runner	INFO	Running command: "/Applications/Firefox.app/Contents/MacOS/firefox-bin" "--marionette" "--remote-debugging-port" "61283" "--r ... s" "localhost" "-foreground" "-no-remote" "-profile" "/var/folders/sq/45_w8tg95mg50lbml10wv49r0000gn/T/rust_mozprofileSxCZTB"
1679554212200	Marionette	INFO	Marionette enabled
1679554212291	Marionette	INFO	Listening on port 61288
Read port: 61288
2023-03-23 12:20:12.330 plugin-container[2109:84094] nil host used in call to allowsSpecificHTTPSCertificateForHost
2023-03-23 12:20:12.330 plugin-container[2109:84094] nil host used in call to allowsAnyHTTPSCertificateForHost:
2023-03-23 12:20:12.334 plugin-container[2109:84094] nil host used in call to allowsSpecificHTTPSCertificateForHost
2023-03-23 12:20:12.334 plugin-container[2109:84094] nil host used in call to allowsAnyHTTPSCertificateForHost:
2023-03-23 12:20:12.334 plugin-container[2109:84092] nil host used in call to allowsSpecificHTTPSCertificateForHost
2023-03-23 12:20:12.334 plugin-container[2109:84092] nil host used in call to allowsAnyHTTPSCertificateForHost:
WebDriver BiDi listening on ws://127.0.0.1:61283
1679554212403	RemoteAgent	WARN	TLS certificate errors will be ignored for this session
console.warn: SearchSettings: "get: No settings file exists, new profile?" (new NotFoundError("Could not open the file at /var/folders/sq/45_w8tg95mg50lbml10wv49r0000gn/T/rust_mozprofileSxCZTB/search.json.mozlz4", (void 0)))
DevTools listening on ws://127.0.0.1:61283/devtools/browser/5e4886ea-6e45-4cf8-8634-37a9a9943762
JavaScript warning: https://demowebshop.tricentis.com/Scripts/jquery-1.10.2.min.js, line 19: Using //@ to indicate sourceMappingURL pragmas is deprecated. Use //# instead
console.warn: LoginRecipes: "Falling back to a synchronous message for: https://demowebshop.tricentis.com."
console.warn: LoginRecipes: "Falling back to a synchronous message for: https://demowebshop.tricentis.com."
JavaScript warning: https://demowebshop.tricentis.com/Scripts/jquery-1.10.2.min.js, line 19: Using //@ to indicate sourceMappingURL pragmas is deprecated. Use //# instead
console.warn: LoginRecipes: "Falling back to a synchronous message for: https://demowebshop.tricentis.com."
JavaScript warning: https://demowebshop.tricentis.com/Scripts/jquery-1.10.2.min.js, line 19: Using //@ to indicate sourceMappingURL pragmas is deprecated. Use //# instead
Exiting due to channel error.
Exiting due to channel error.
[GFX1-]: Receive IPC close with reason=AbnormalShutdown
Exiting due to channel error.
Exiting due to channel error.
