1679561153136	geckodriver	INFO	Listening on 127.0.0.1:59623
1679561153655	mozrunner::runner	INFO	Running command: "/Applications/Firefox.app/Contents/MacOS/firefox-bin" "--marionette" "--remote-debugging-port" "59624" "--r ... s" "localhost" "-foreground" "-no-remote" "-profile" "/var/folders/sq/45_w8tg95mg50lbml10wv49r0000gn/T/rust_mozprofile2gsm6o"
1679561154055	Marionette	INFO	Marionette enabled
1679561154133	Marionette	INFO	Listening on port 59629
Read port: 59629
2023-03-23 14:15:54.187 plugin-container[3523:161340] nil host used in call to allowsSpecificHTTPSCertificateForHost
2023-03-23 14:15:54.187 plugin-container[3523:161340] nil host used in call to allowsAnyHTTPSCertificateForHost:
2023-03-23 14:15:54.195 plugin-container[3523:161340] nil host used in call to allowsSpecificHTTPSCertificateForHost
2023-03-23 14:15:54.195 plugin-container[3523:161340] nil host used in call to allowsAnyHTTPSCertificateForHost:
2023-03-23 14:15:54.196 plugin-container[3523:161349] nil host used in call to allowsSpecificHTTPSCertificateForHost
2023-03-23 14:15:54.196 plugin-container[3523:161349] nil host used in call to allowsAnyHTTPSCertificateForHost:
WebDriver BiDi listening on ws://127.0.0.1:59624
1679561154274	RemoteAgent	WARN	TLS certificate errors will be ignored for this session
console.warn: SearchSettings: "get: No settings file exists, new profile?" (new NotFoundError("Could not open the file at /var/folders/sq/45_w8tg95mg50lbml10wv49r0000gn/T/rust_mozprofile2gsm6o/search.json.mozlz4", (void 0)))
DevTools listening on ws://127.0.0.1:59624/devtools/browser/190b57d2-e241-4f77-b372-c813835b9310
JavaScript warning: https://demowebshop.tricentis.com/Scripts/jquery-1.10.2.min.js, line 19: Using //@ to indicate sourceMappingURL pragmas is deprecated. Use //# instead
console.warn: LoginRecipes: "Falling back to a synchronous message for: https://demowebshop.tricentis.com."
console.warn: LoginRecipes: "Falling back to a synchronous message for: https://demowebshop.tricentis.com."
JavaScript warning: https://demowebshop.tricentis.com/Scripts/jquery-1.10.2.min.js, line 19: Using //@ to indicate sourceMappingURL pragmas is deprecated. Use //# instead
console.warn: LoginRecipes: "Falling back to a synchronous message for: https://demowebshop.tricentis.com."
JavaScript warning: https://demowebshop.tricentis.com/Scripts/jquery-1.10.2.min.js, line 19: Using //@ to indicate sourceMappingURL pragmas is deprecated. Use //# instead
console.warn: LoginRecipes: "Falling back to a synchronous message for: https://demowebshop.tricentis.com."
console.warn: LoginRecipes: "Falling back to a synchronous message for: https://demowebshop.tricentis.com."
JavaScript warning: https://demowebshop.tricentis.com/Scripts/jquery-1.10.2.min.js, line 19: Using //@ to indicate sourceMappingURL pragmas is deprecated. Use //# instead
1679561168651	Marionette	INFO	Stopped listening on port 59629
