1679562795701	geckodriver	INFO	Listening on 127.0.0.1:62733
1679562796226	mozrunner::runner	INFO	Running command: "/Applications/Firefox.app/Contents/MacOS/firefox-bin" "--marionette" "--remote-debugging-port" "62734" "--r ... s" "localhost" "-foreground" "-no-remote" "-profile" "/var/folders/sq/45_w8tg95mg50lbml10wv49r0000gn/T/rust_mozprofileIP2TqT"
1679562796631	Marionette	INFO	Marionette enabled
1679562796719	Marionette	INFO	Listening on port 62747
Read port: 62747
2023-03-23 14:43:16.754 plugin-container[3815:177747] nil host used in call to allowsSpecificHTTPSCertificateForHost
2023-03-23 14:43:16.754 plugin-container[3815:177747] nil host used in call to allowsAnyHTTPSCertificateForHost:
2023-03-23 14:43:16.761 plugin-container[3815:177747] nil host used in call to allowsSpecificHTTPSCertificateForHost
2023-03-23 14:43:16.761 plugin-container[3815:177747] nil host used in call to allowsAnyHTTPSCertificateForHost:
2023-03-23 14:43:16.761 plugin-container[3815:177749] nil host used in call to allowsSpecificHTTPSCertificateForHost
2023-03-23 14:43:16.762 plugin-container[3815:177749] nil host used in call to allowsAnyHTTPSCertificateForHost:
WebDriver BiDi listening on ws://127.0.0.1:62734
1679562796826	RemoteAgent	WARN	TLS certificate errors will be ignored for this session
console.warn: SearchSettings: "get: No settings file exists, new profile?" (new NotFoundError("Could not open the file at /var/folders/sq/45_w8tg95mg50lbml10wv49r0000gn/T/rust_mozprofileIP2TqT/search.json.mozlz4", (void 0)))
DevTools listening on ws://127.0.0.1:62734/devtools/browser/29bb6649-bf20-46e5-bb5d-e8800773cb77
JavaScript warning: https://demowebshop.tricentis.com/Scripts/jquery-1.10.2.min.js, line 19: Using //@ to indicate sourceMappingURL pragmas is deprecated. Use //# instead
console.warn: LoginRecipes: "Falling back to a synchronous message for: https://demowebshop.tricentis.com."
console.warn: LoginRecipes: "Falling back to a synchronous message for: https://demowebshop.tricentis.com."
JavaScript warning: https://demowebshop.tricentis.com/Scripts/jquery-1.10.2.min.js, line 19: Using //@ to indicate sourceMappingURL pragmas is deprecated. Use //# instead
console.warn: LoginRecipes: "Falling back to a synchronous message for: https://demowebshop.tricentis.com."
JavaScript warning: https://demowebshop.tricentis.com/Scripts/jquery-1.10.2.min.js, line 19: Using //@ to indicate sourceMappingURL pragmas is deprecated. Use //# instead
console.warn: LoginRecipes: "Falling back to a synchronous message for: https://demowebshop.tricentis.com."
console.warn: LoginRecipes: "Falling back to a synchronous message for: https://demowebshop.tricentis.com."
JavaScript warning: https://demowebshop.tricentis.com/Scripts/jquery-1.10.2.min.js, line 19: Using //@ to indicate sourceMappingURL pragmas is deprecated. Use //# instead
1679562915674	Marionette	INFO	Stopped listening on port 62747
