1679561100369	geckodriver	INFO	Listening on 127.0.0.1:59576
1679561100897	mozrunner::runner	INFO	Running command: "/Applications/Firefox.app/Contents/MacOS/firefox-bin" "--marionette" "--remote-debugging-port" "59577" "--r ... s" "localhost" "-foreground" "-no-remote" "-profile" "/var/folders/sq/45_w8tg95mg50lbml10wv49r0000gn/T/rust_mozprofileVPoY9O"
1679561101296	Marionette	INFO	Marionette enabled
1679561101383	Marionette	INFO	Listening on port 59582
2023-03-23 14:15:01.414 plugin-container[3491:160568] nil host used in call to allowsSpecificHTTPSCertificateForHost
2023-03-23 14:15:01.414 plugin-container[3491:160568] nil host used in call to allowsAnyHTTPSCertificateForHost:
2023-03-23 14:15:01.418 plugin-container[3491:160568] nil host used in call to allowsSpecificHTTPSCertificateForHost
2023-03-23 14:15:01.419 plugin-container[3491:160568] nil host used in call to allowsAnyHTTPSCertificateForHost:
2023-03-23 14:15:01.419 plugin-container[3491:160572] nil host used in call to allowsSpecificHTTPSCertificateForHost
2023-03-23 14:15:01.419 plugin-container[3491:160572] nil host used in call to allowsAnyHTTPSCertificateForHost:
Read port: 59582
WebDriver BiDi listening on ws://127.0.0.1:59577
1679561101494	RemoteAgent	WARN	TLS certificate errors will be ignored for this session
console.warn: SearchSettings: "get: No settings file exists, new profile?" (new NotFoundError("Could not open the file at /var/folders/sq/45_w8tg95mg50lbml10wv49r0000gn/T/rust_mozprofileVPoY9O/search.json.mozlz4", (void 0)))
DevTools listening on ws://127.0.0.1:59577/devtools/browser/fc648bed-de0a-46f2-affb-b1572d346d58
JavaScript warning: https://demowebshop.tricentis.com/Scripts/jquery-1.10.2.min.js, line 19: Using //@ to indicate sourceMappingURL pragmas is deprecated. Use //# instead
console.warn: LoginRecipes: "Falling back to a synchronous message for: https://demowebshop.tricentis.com."
console.warn: LoginRecipes: "Falling back to a synchronous message for: https://demowebshop.tricentis.com."
JavaScript warning: https://demowebshop.tricentis.com/Scripts/jquery-1.10.2.min.js, line 19: Using //@ to indicate sourceMappingURL pragmas is deprecated. Use //# instead
console.warn: LoginRecipes: "Falling back to a synchronous message for: https://demowebshop.tricentis.com."
JavaScript warning: https://demowebshop.tricentis.com/Scripts/jquery-1.10.2.min.js, line 19: Using //@ to indicate sourceMappingURL pragmas is deprecated. Use //# instead
1679562904719	Marionette	INFO	Stopped listening on port 59582
