1678445764128	geckodriver	INFO	Listening on 127.0.0.1:60012
1678445764658	mozrunner::runner	INFO	Running command: "/Applications/Firefox.app/Contents/MacOS/firefox-bin" "--marionette" "--remote-debugging-port" "60013" "--r ... s" "localhost" "-foreground" "-no-remote" "-profile" "/var/folders/sq/45_w8tg95mg50lbml10wv49r0000gn/T/rust_mozprofilemdN2N8"
1678445765054	Marionette	INFO	Marionette enabled
1678445765136	Marionette	INFO	Listening on port 60022
2023-03-10 16:26:05.169 plugin-container[4030:260185] nil host used in call to allowsSpecificHTTPSCertificateForHost
2023-03-10 16:26:05.169 plugin-container[4030:260185] nil host used in call to allowsAnyHTTPSCertificateForHost:
2023-03-10 16:26:05.177 plugin-container[4030:260185] nil host used in call to allowsSpecificHTTPSCertificateForHost
2023-03-10 16:26:05.177 plugin-container[4030:260185] nil host used in call to allowsAnyHTTPSCertificateForHost:
2023-03-10 16:26:05.178 plugin-container[4030:260190] nil host used in call to allowsSpecificHTTPSCertificateForHost
2023-03-10 16:26:05.178 plugin-container[4030:260190] nil host used in call to allowsAnyHTTPSCertificateForHost:
Read port: 60022
WebDriver BiDi listening on ws://127.0.0.1:60013
1678445765253	RemoteAgent	WARN	TLS certificate errors will be ignored for this session
console.warn: SearchSettings: "get: No settings file exists, new profile?" (new NotFoundError("Could not open the file at /var/folders/sq/45_w8tg95mg50lbml10wv49r0000gn/T/rust_mozprofilemdN2N8/search.json.mozlz4", (void 0)))
DevTools listening on ws://127.0.0.1:60013/devtools/browser/7f392380-f779-400a-bbd2-8be875d334a4
JavaScript warning: https://demowebshop.tricentis.com/Scripts/jquery-1.10.2.min.js, line 19: Using //@ to indicate sourceMappingURL pragmas is deprecated. Use //# instead
JavaScript warning: https://demowebshop.tricentis.com/Scripts/jquery-1.10.2.min.js, line 19: Using //@ to indicate sourceMappingURL pragmas is deprecated. Use //# instead
JavaScript warning: https://demowebshop.tricentis.com/Scripts/jquery-1.10.2.min.js, line 19: Using //@ to indicate sourceMappingURL pragmas is deprecated. Use //# instead
JavaScript warning: https://demowebshop.tricentis.com/Scripts/jquery-1.10.2.min.js, line 19: Using //@ to indicate sourceMappingURL pragmas is deprecated. Use //# instead
console.warn: LoginRecipes: "Falling back to a synchronous message for: https://demowebshop.tricentis.com."
1678445779418	Marionette	INFO	Stopped listening on port 60022
