1679560331865	geckodriver	INFO	Listening on 127.0.0.1:56854
1679560332394	mozrunner::runner	INFO	Running command: "/Applications/Firefox.app/Contents/MacOS/firefox-bin" "--marionette" "--remote-debugging-port" "56855" "--r ... s" "localhost" "-foreground" "-no-remote" "-profile" "/var/folders/sq/45_w8tg95mg50lbml10wv49r0000gn/T/rust_mozprofilexqExY2"
1679560332773	Marionette	INFO	Marionette enabled
1679560332850	Marionette	INFO	Listening on port 56868
2023-03-23 14:02:12.886 plugin-container[3302:150817] nil host used in call to allowsSpecificHTTPSCertificateForHost
2023-03-23 14:02:12.886 plugin-container[3302:150817] nil host used in call to allowsAnyHTTPSCertificateForHost:
2023-03-23 14:02:12.889 plugin-container[3302:150817] nil host used in call to allowsSpecificHTTPSCertificateForHost
2023-03-23 14:02:12.889 plugin-container[3302:150817] nil host used in call to allowsAnyHTTPSCertificateForHost:
2023-03-23 14:02:12.889 plugin-container[3302:150815] nil host used in call to allowsSpecificHTTPSCertificateForHost
2023-03-23 14:02:12.889 plugin-container[3302:150815] nil host used in call to allowsAnyHTTPSCertificateForHost:
Read port: 56868
WebDriver BiDi listening on ws://127.0.0.1:56855
1679560332973	RemoteAgent	WARN	TLS certificate errors will be ignored for this session
console.warn: SearchSettings: "get: No settings file exists, new profile?" (new NotFoundError("Could not open the file at /var/folders/sq/45_w8tg95mg50lbml10wv49r0000gn/T/rust_mozprofilexqExY2/search.json.mozlz4", (void 0)))
DevTools listening on ws://127.0.0.1:56855/devtools/browser/61f49a1a-0003-4185-a378-80385d9851ce
JavaScript warning: https://demowebshop.tricentis.com/Scripts/jquery-1.10.2.min.js, line 19: Using //@ to indicate sourceMappingURL pragmas is deprecated. Use //# instead
console.warn: LoginRecipes: "Falling back to a synchronous message for: https://demowebshop.tricentis.com."
console.warn: LoginRecipes: "Falling back to a synchronous message for: https://demowebshop.tricentis.com."
JavaScript warning: https://demowebshop.tricentis.com/Scripts/jquery-1.10.2.min.js, line 19: Using //@ to indicate sourceMappingURL pragmas is deprecated. Use //# instead
console.warn: LoginRecipes: "Falling back to a synchronous message for: https://demowebshop.tricentis.com."
JavaScript warning: https://demowebshop.tricentis.com/Scripts/jquery-1.10.2.min.js, line 19: Using //@ to indicate sourceMappingURL pragmas is deprecated. Use //# instead
console.warn: LoginRecipes: "Falling back to a synchronous message for: https://demowebshop.tricentis.com."
console.warn: LoginRecipes: "Falling back to a synchronous message for: https://demowebshop.tricentis.com."
JavaScript warning: https://demowebshop.tricentis.com/Scripts/jquery-1.10.2.min.js, line 19: Using //@ to indicate sourceMappingURL pragmas is deprecated. Use //# instead
1679562887644	Marionette	INFO	Stopped listening on port 56868
