1678445537317	geckodriver	INFO	Listening on 127.0.0.1:58953
1678445537846	mozrunner::runner	INFO	Running command: "/Applications/Firefox.app/Contents/MacOS/firefox-bin" "--marionette" "--remote-debugging-port" "58954" "--r ... s" "localhost" "-foreground" "-no-remote" "-profile" "/var/folders/sq/45_w8tg95mg50lbml10wv49r0000gn/T/rust_mozprofileE6Q5Nk"
1678445538249	Marionette	INFO	Marionette enabled
1678445538332	Marionette	INFO	Listening on port 58963
Read port: 58963
2023-03-10 16:22:18.368 plugin-container[3935:257089] nil host used in call to allowsSpecificHTTPSCertificateForHost
2023-03-10 16:22:18.368 plugin-container[3935:257089] nil host used in call to allowsAnyHTTPSCertificateForHost:
2023-03-10 16:22:18.373 plugin-container[3935:257089] nil host used in call to allowsSpecificHTTPSCertificateForHost
2023-03-10 16:22:18.373 plugin-container[3935:257089] nil host used in call to allowsAnyHTTPSCertificateForHost:
2023-03-10 16:22:18.373 plugin-container[3935:257091] nil host used in call to allowsSpecificHTTPSCertificateForHost
2023-03-10 16:22:18.373 plugin-container[3935:257091] nil host used in call to allowsAnyHTTPSCertificateForHost:
WebDriver BiDi listening on ws://127.0.0.1:58954
1678445538448	RemoteAgent	WARN	TLS certificate errors will be ignored for this session
console.warn: SearchSettings: "get: No settings file exists, new profile?" (new NotFoundError("Could not open the file at /var/folders/sq/45_w8tg95mg50lbml10wv49r0000gn/T/rust_mozprofileE6Q5Nk/search.json.mozlz4", (void 0)))
DevTools listening on ws://127.0.0.1:58954/devtools/browser/e6e79c1c-a806-430b-a848-b4fd09ced61b
JavaScript warning: https://demowebshop.tricentis.com/Scripts/jquery-1.10.2.min.js, line 19: Using //@ to indicate sourceMappingURL pragmas is deprecated. Use //# instead
JavaScript warning: https://demowebshop.tricentis.com/Scripts/jquery-1.10.2.min.js, line 19: Using //@ to indicate sourceMappingURL pragmas is deprecated. Use //# instead
JavaScript warning: https://demowebshop.tricentis.com/Scripts/jquery-1.10.2.min.js, line 19: Using //@ to indicate sourceMappingURL pragmas is deprecated. Use //# instead
JavaScript error: resource://gre/modules/Prompter.jsm, line 1056: AbortError: Actor 'Prompt' destroyed before query 'Prompt:Open' was resolved
JavaScript warning: https://demowebshop.tricentis.com/Scripts/jquery-1.10.2.min.js, line 19: Using //@ to indicate sourceMappingURL pragmas is deprecated. Use //# instead
console.warn: LoginRecipes: "Falling back to a synchronous message for: https://demowebshop.tricentis.com."
1678445559076	Marionette	INFO	Stopped listening on port 58963
