1679461317189	geckodriver	INFO	Listening on 127.0.0.1:51758
1679461317718	mozrunner::runner	INFO	Running command: "/Applications/Firefox.app/Contents/MacOS/firefox-bin" "--marionette" "--remote-debugging-port" "51759" "--r ... s" "localhost" "-foreground" "-no-remote" "-profile" "/var/folders/sq/45_w8tg95mg50lbml10wv49r0000gn/T/rust_mozprofileBneIAz"
1679461318093	Marionette	INFO	Marionette enabled
1679461318166	Marionette	INFO	Listening on port 51768
2023-03-22 10:31:58.221 plugin-container[1306:39852] nil host used in call to allowsSpecificHTTPSCertificateForHost
2023-03-22 10:31:58.221 plugin-container[1306:39852] nil host used in call to allowsAnyHTTPSCertificateForHost:
2023-03-22 10:31:58.226 plugin-container[1306:39852] nil host used in call to allowsSpecificHTTPSCertificateForHost
2023-03-22 10:31:58.226 plugin-container[1306:39852] nil host used in call to allowsAnyHTTPSCertificateForHost:
2023-03-22 10:31:58.226 plugin-container[1306:39857] nil host used in call to allowsSpecificHTTPSCertificateForHost
2023-03-22 10:31:58.226 plugin-container[1306:39857] nil host used in call to allowsAnyHTTPSCertificateForHost:
Read port: 51768
WebDriver BiDi listening on ws://127.0.0.1:51759
1679461318327	RemoteAgent	WARN	TLS certificate errors will be ignored for this session
console.warn: SearchSettings: "get: No settings file exists, new profile?" (new NotFoundError("Could not open the file at /var/folders/sq/45_w8tg95mg50lbml10wv49r0000gn/T/rust_mozprofileBneIAz/search.json.mozlz4", (void 0)))
DevTools listening on ws://127.0.0.1:51759/devtools/browser/0f3f41ed-86d3-47f8-a8ce-fd4e11842a21
JavaScript warning: https://demowebshop.tricentis.com/Scripts/jquery-1.10.2.min.js, line 19: Using //@ to indicate sourceMappingURL pragmas is deprecated. Use //# instead
console.warn: LoginRecipes: "Falling back to a synchronous message for: https://demowebshop.tricentis.com."
console.warn: LoginRecipes: "Falling back to a synchronous message for: https://demowebshop.tricentis.com."
JavaScript warning: https://demowebshop.tricentis.com/Scripts/jquery-1.10.2.min.js, line 19: Using //@ to indicate sourceMappingURL pragmas is deprecated. Use //# instead
1679461336210	Marionette	INFO	Stopped listening on port 51768
