1679555469640	geckodriver	INFO	Listening on 127.0.0.1:62581
1679555470163	mozrunner::runner	INFO	Running command: "/Applications/Firefox.app/Contents/MacOS/firefox-bin" "--marionette" "--remote-debugging-port" "62582" "--r ... s" "localhost" "-foreground" "-no-remote" "-profile" "/var/folders/sq/45_w8tg95mg50lbml10wv49r0000gn/T/rust_mozprofileYzZZDS"
1679555470586	Marionette	INFO	Marionette enabled
1679555470677	Marionette	INFO	Listening on port 62587
2023-03-23 12:41:10.724 plugin-container[2545:115003] nil host used in call to allowsSpecificHTTPSCertificateForHost
2023-03-23 12:41:10.724 plugin-container[2545:115003] nil host used in call to allowsAnyHTTPSCertificateForHost:
2023-03-23 12:41:10.735 plugin-container[2545:115003] nil host used in call to allowsSpecificHTTPSCertificateForHost
2023-03-23 12:41:10.735 plugin-container[2545:115003] nil host used in call to allowsAnyHTTPSCertificateForHost:
2023-03-23 12:41:10.736 plugin-container[2545:115005] nil host used in call to allowsSpecificHTTPSCertificateForHost
2023-03-23 12:41:10.736 plugin-container[2545:115005] nil host used in call to allowsAnyHTTPSCertificateForHost:
WebDriver BiDi listening on ws://127.0.0.1:62582
Read port: 62587
1679555470931	RemoteAgent	WARN	TLS certificate errors will be ignored for this session
console.warn: SearchSettings: "get: No settings file exists, new profile?" (new NotFoundError("Could not open the file at /var/folders/sq/45_w8tg95mg50lbml10wv49r0000gn/T/rust_mozprofileYzZZDS/search.json.mozlz4", (void 0)))
DevTools listening on ws://127.0.0.1:62582/devtools/browser/509a67b1-b000-47d8-871e-2c8d72c2508c
JavaScript warning: https://demowebshop.tricentis.com/Scripts/jquery-1.10.2.min.js, line 19: Using //@ to indicate sourceMappingURL pragmas is deprecated. Use //# instead
console.warn: LoginRecipes: "Falling back to a synchronous message for: https://demowebshop.tricentis.com."
console.warn: LoginRecipes: "Falling back to a synchronous message for: https://demowebshop.tricentis.com."
JavaScript warning: https://demowebshop.tricentis.com/Scripts/jquery-1.10.2.min.js, line 19: Using //@ to indicate sourceMappingURL pragmas is deprecated. Use //# instead
console.warn: LoginRecipes: "Falling back to a synchronous message for: https://demowebshop.tricentis.com."
JavaScript warning: https://demowebshop.tricentis.com/Scripts/jquery-1.10.2.min.js, line 19: Using //@ to indicate sourceMappingURL pragmas is deprecated. Use //# instead
1679555505169	Marionette	INFO	Stopped listening on port 62587
