1678449375804	geckodriver	INFO	Listening on 127.0.0.1:50670
1678449376334	mozrunner::runner	INFO	Running command: "/Applications/Firefox.app/Contents/MacOS/firefox-bin" "--marionette" "--remote-debugging-port" "50671" "--r ... s" "localhost" "-foreground" "-no-remote" "-profile" "/var/folders/sq/45_w8tg95mg50lbml10wv49r0000gn/T/rust_mozprofileglFXMy"
1678449376738	Marionette	INFO	Marionette enabled
1678449376822	Marionette	INFO	Listening on port 50680
Read port: 50680
2023-03-10 17:26:16.858 plugin-container[4292:276243] nil host used in call to allowsSpecificHTTPSCertificateForHost
2023-03-10 17:26:16.858 plugin-container[4292:276243] nil host used in call to allowsAnyHTTPSCertificateForHost:
2023-03-10 17:26:16.862 plugin-container[4292:276243] nil host used in call to allowsSpecificHTTPSCertificateForHost
2023-03-10 17:26:16.862 plugin-container[4292:276243] nil host used in call to allowsAnyHTTPSCertificateForHost:
2023-03-10 17:26:16.863 plugin-container[4292:276248] nil host used in call to allowsSpecificHTTPSCertificateForHost
2023-03-10 17:26:16.863 plugin-container[4292:276248] nil host used in call to allowsAnyHTTPSCertificateForHost:
WebDriver BiDi listening on ws://127.0.0.1:50671
1678449376942	RemoteAgent	WARN	TLS certificate errors will be ignored for this session
console.warn: SearchSettings: "get: No settings file exists, new profile?" (new NotFoundError("Could not open the file at /var/folders/sq/45_w8tg95mg50lbml10wv49r0000gn/T/rust_mozprofileglFXMy/search.json.mozlz4", (void 0)))
DevTools listening on ws://127.0.0.1:50671/devtools/browser/72d844a2-4842-4bc4-bd11-753d15e9c8ec
JavaScript warning: https://demowebshop.tricentis.com/Scripts/jquery-1.10.2.min.js, line 19: Using //@ to indicate sourceMappingURL pragmas is deprecated. Use //# instead
JavaScript warning: https://demowebshop.tricentis.com/Scripts/jquery-1.10.2.min.js, line 19: Using //@ to indicate sourceMappingURL pragmas is deprecated. Use //# instead
JavaScript warning: https://demowebshop.tricentis.com/Scripts/jquery-1.10.2.min.js, line 19: Using //@ to indicate sourceMappingURL pragmas is deprecated. Use //# instead
JavaScript warning: https://demowebshop.tricentis.com/Scripts/jquery-1.10.2.min.js, line 19: Using //@ to indicate sourceMappingURL pragmas is deprecated. Use //# instead
console.warn: LoginRecipes: "Falling back to a synchronous message for: https://demowebshop.tricentis.com."
1678449394121	Marionette	INFO	Stopped listening on port 50680
