1679554837838	geckodriver	INFO	Listening on 127.0.0.1:62000
1679554838365	mozrunner::runner	INFO	Running command: "/Applications/Firefox.app/Contents/MacOS/firefox-bin" "--marionette" "--remote-debugging-port" "62001" "--r ... s" "localhost" "-foreground" "-no-remote" "-profile" "/var/folders/sq/45_w8tg95mg50lbml10wv49r0000gn/T/rust_mozprofilegQVSpf"
1679554838781	Marionette	INFO	Marionette enabled
2023-03-23 12:30:38.916 plugin-container[2278:97149] nil host used in call to allowsSpecificHTTPSCertificateForHost
2023-03-23 12:30:38.916 plugin-container[2278:97149] nil host used in call to allowsAnyHTTPSCertificateForHost:
2023-03-23 12:30:38.921 plugin-container[2278:97149] nil host used in call to allowsSpecificHTTPSCertificateForHost
2023-03-23 12:30:38.921 plugin-container[2278:97149] nil host used in call to allowsAnyHTTPSCertificateForHost:
2023-03-23 12:30:38.921 plugin-container[2278:97147] nil host used in call to allowsSpecificHTTPSCertificateForHost
2023-03-23 12:30:38.921 plugin-container[2278:97147] nil host used in call to allowsAnyHTTPSCertificateForHost:
1679554838972	Marionette	INFO	Listening on port 62006
Read port: 62006
WebDriver BiDi listening on ws://127.0.0.1:62001
1679554839085	RemoteAgent	WARN	TLS certificate errors will be ignored for this session
console.warn: SearchSettings: "get: No settings file exists, new profile?" (new NotFoundError("Could not open the file at /var/folders/sq/45_w8tg95mg50lbml10wv49r0000gn/T/rust_mozprofilegQVSpf/search.json.mozlz4", (void 0)))
DevTools listening on ws://127.0.0.1:62001/devtools/browser/41c88cff-b643-4d1b-94d6-5e92014e537c
JavaScript warning: https://demowebshop.tricentis.com/Scripts/jquery-1.10.2.min.js, line 19: Using //@ to indicate sourceMappingURL pragmas is deprecated. Use //# instead
console.warn: LoginRecipes: "Falling back to a synchronous message for: https://demowebshop.tricentis.com."
console.warn: LoginRecipes: "Falling back to a synchronous message for: https://demowebshop.tricentis.com."
JavaScript warning: https://demowebshop.tricentis.com/Scripts/jquery-1.10.2.min.js, line 19: Using //@ to indicate sourceMappingURL pragmas is deprecated. Use //# instead
console.warn: LoginRecipes: "Falling back to a synchronous message for: https://demowebshop.tricentis.com."
JavaScript warning: https://demowebshop.tricentis.com/Scripts/jquery-1.10.2.min.js, line 19: Using //@ to indicate sourceMappingURL pragmas is deprecated. Use //# instead
Exiting due to channel error.
Exiting due to channel error.
[GFX1-]: Receive IPC close with reason=AbnormalShutdown
Exiting due to channel error.
Exiting due to channel error.
[GFX1-]: Receive IPC close with reason=AbnormalShutdown
Exiting due to channel error.
Exiting due to channel error.
