1678443786359	geckodriver	INFO	Listening on 127.0.0.1:52348
1678443786884	mozrunner::runner	INFO	Running command: "/Applications/Firefox.app/Contents/MacOS/firefox-bin" "--marionette" "--remote-debugging-port" "52349" "--r ... s" "localhost" "-foreground" "-no-remote" "-profile" "/var/folders/sq/45_w8tg95mg50lbml10wv49r0000gn/T/rust_mozprofilerJG80D"
1678443787272	Marionette	INFO	Marionette enabled
1678443787355	Marionette	INFO	Listening on port 52358
2023-03-10 15:53:07.385 plugin-container[3456:236516] nil host used in call to allowsSpecificHTTPSCertificateForHost
2023-03-10 15:53:07.385 plugin-container[3456:236516] nil host used in call to allowsAnyHTTPSCertificateForHost:
2023-03-10 15:53:07.388 plugin-container[3456:236516] nil host used in call to allowsSpecificHTTPSCertificateForHost
2023-03-10 15:53:07.388 plugin-container[3456:236516] nil host used in call to allowsAnyHTTPSCertificateForHost:
2023-03-10 15:53:07.388 plugin-container[3456:236514] nil host used in call to allowsSpecificHTTPSCertificateForHost
2023-03-10 15:53:07.388 plugin-container[3456:236514] nil host used in call to allowsAnyHTTPSCertificateForHost:
Read port: 52358
WebDriver BiDi listening on ws://127.0.0.1:52349
1678443787470	RemoteAgent	WARN	TLS certificate errors will be ignored for this session
console.warn: SearchSettings: "get: No settings file exists, new profile?" (new NotFoundError("Could not open the file at /var/folders/sq/45_w8tg95mg50lbml10wv49r0000gn/T/rust_mozprofilerJG80D/search.json.mozlz4", (void 0)))
DevTools listening on ws://127.0.0.1:52349/devtools/browser/a3dc4220-8042-4368-8322-d6eaffbfa7a0
JavaScript warning: https://demowebshop.tricentis.com/Scripts/jquery-1.10.2.min.js, line 19: Using //@ to indicate sourceMappingURL pragmas is deprecated. Use //# instead
JavaScript warning: https://demowebshop.tricentis.com/Scripts/jquery-1.10.2.min.js, line 19: Using //@ to indicate sourceMappingURL pragmas is deprecated. Use //# instead
JavaScript warning: https://demowebshop.tricentis.com/Scripts/jquery-1.10.2.min.js, line 19: Using //@ to indicate sourceMappingURL pragmas is deprecated. Use //# instead
JavaScript error: resource://gre/modules/Prompter.jsm, line 1056: AbortError: Actor 'Prompt' destroyed before query 'Prompt:Open' was resolved
JavaScript warning: https://demowebshop.tricentis.com/Scripts/jquery-1.10.2.min.js, line 19: Using //@ to indicate sourceMappingURL pragmas is deprecated. Use //# instead
1678443799179	Marionette	INFO	Stopped listening on port 52358
