1679554006913	geckodriver	INFO	Listening on 127.0.0.1:61106
1679554007432	mozrunner::runner	INFO	Running command: "/Applications/Firefox.app/Contents/MacOS/firefox-bin" "--marionette" "--remote-debugging-port" "61107" "--r ... s" "localhost" "-foreground" "-no-remote" "-profile" "/var/folders/sq/45_w8tg95mg50lbml10wv49r0000gn/T/rust_mozprofile9HXT42"
1679554007826	Marionette	INFO	Marionette enabled
1679554007916	Marionette	INFO	Listening on port 61112
Read port: 61112
2023-03-23 12:16:47.955 plugin-container[2016:80254] nil host used in call to allowsSpecificHTTPSCertificateForHost
2023-03-23 12:16:47.955 plugin-container[2016:80254] nil host used in call to allowsAnyHTTPSCertificateForHost:
2023-03-23 12:16:47.959 plugin-container[2016:80254] nil host used in call to allowsSpecificHTTPSCertificateForHost
2023-03-23 12:16:47.959 plugin-container[2016:80254] nil host used in call to allowsAnyHTTPSCertificateForHost:
2023-03-23 12:16:47.959 plugin-container[2016:80252] nil host used in call to allowsSpecificHTTPSCertificateForHost
2023-03-23 12:16:47.959 plugin-container[2016:80252] nil host used in call to allowsAnyHTTPSCertificateForHost:
WebDriver BiDi listening on ws://127.0.0.1:61107
1679554008039	RemoteAgent	WARN	TLS certificate errors will be ignored for this session
console.warn: SearchSettings: "get: No settings file exists, new profile?" (new NotFoundError("Could not open the file at /var/folders/sq/45_w8tg95mg50lbml10wv49r0000gn/T/rust_mozprofile9HXT42/search.json.mozlz4", (void 0)))
DevTools listening on ws://127.0.0.1:61107/devtools/browser/83b4fb04-a4ae-49f4-b820-0094c076cae3
JavaScript warning: https://demowebshop.tricentis.com/Scripts/jquery-1.10.2.min.js, line 19: Using //@ to indicate sourceMappingURL pragmas is deprecated. Use //# instead
console.warn: LoginRecipes: "Falling back to a synchronous message for: https://demowebshop.tricentis.com."
console.warn: LoginRecipes: "Falling back to a synchronous message for: https://demowebshop.tricentis.com."
JavaScript warning: https://demowebshop.tricentis.com/Scripts/jquery-1.10.2.min.js, line 19: Using //@ to indicate sourceMappingURL pragmas is deprecated. Use //# instead
console.warn: LoginRecipes: "Falling back to a synchronous message for: https://demowebshop.tricentis.com."
JavaScript warning: https://demowebshop.tricentis.com/Scripts/jquery-1.10.2.min.js, line 19: Using //@ to indicate sourceMappingURL pragmas is deprecated. Use //# instead
console.warn: LoginRecipes: "Falling back to a synchronous message for: https://demowebshop.tricentis.com."
JavaScript error: resource://gre/modules/XULStore.jsm, line 58: Error: Can't find profile directory.
JavaScript error: resource://gre/modules/XULStore.jsm, line 58: Error: Can't find profile directory.
[GFX1-]: Receive IPC close with reason=AbnormalShutdown
Exiting due to channel error.
Exiting due to channel error.
Exiting due to channel error.
Exiting due to channel error.
[GFX1-]: Receive IPC close with reason=AbnormalShutdown
Exiting due to channel error.
Exiting due to channel error.
