1679553851993	geckodriver	INFO	Listening on 127.0.0.1:60994
1679553852524	mozrunner::runner	INFO	Running command: "/Applications/Firefox.app/Contents/MacOS/firefox-bin" "--marionette" "--remote-debugging-port" "60995" "--r ... s" "localhost" "-foreground" "-no-remote" "-profile" "/var/folders/sq/45_w8tg95mg50lbml10wv49r0000gn/T/rust_mozprofile3uktGC"
1679553852936	Marionette	INFO	Marionette enabled
1679553853030	Marionette	INFO	Listening on port 61000
Read port: 61000
2023-03-23 12:14:13.065 plugin-container[1976:77628] nil host used in call to allowsSpecificHTTPSCertificateForHost
2023-03-23 12:14:13.065 plugin-container[1976:77628] nil host used in call to allowsAnyHTTPSCertificateForHost:
2023-03-23 12:14:13.074 plugin-container[1976:77628] nil host used in call to allowsSpecificHTTPSCertificateForHost
2023-03-23 12:14:13.074 plugin-container[1976:77628] nil host used in call to allowsAnyHTTPSCertificateForHost:
2023-03-23 12:14:13.074 plugin-container[1976:77625] nil host used in call to allowsSpecificHTTPSCertificateForHost
2023-03-23 12:14:13.074 plugin-container[1976:77625] nil host used in call to allowsAnyHTTPSCertificateForHost:
WebDriver BiDi listening on ws://127.0.0.1:60995
1679553853160	RemoteAgent	WARN	TLS certificate errors will be ignored for this session
console.warn: SearchSettings: "get: No settings file exists, new profile?" (new NotFoundError("Could not open the file at /var/folders/sq/45_w8tg95mg50lbml10wv49r0000gn/T/rust_mozprofile3uktGC/search.json.mozlz4", (void 0)))
DevTools listening on ws://127.0.0.1:60995/devtools/browser/ce7d85ef-16bd-4a5e-8b3d-7ce3f9c79c74
JavaScript warning: https://demowebshop.tricentis.com/Scripts/jquery-1.10.2.min.js, line 19: Using //@ to indicate sourceMappingURL pragmas is deprecated. Use //# instead
console.warn: LoginRecipes: "Falling back to a synchronous message for: https://demowebshop.tricentis.com."
console.warn: LoginRecipes: "Falling back to a synchronous message for: https://demowebshop.tricentis.com."
JavaScript warning: https://demowebshop.tricentis.com/Scripts/jquery-1.10.2.min.js, line 19: Using //@ to indicate sourceMappingURL pragmas is deprecated. Use //# instead
console.warn: LoginRecipes: "Falling back to a synchronous message for: https://demowebshop.tricentis.com."
JavaScript warning: https://demowebshop.tricentis.com/Scripts/jquery-1.10.2.min.js, line 19: Using //@ to indicate sourceMappingURL pragmas is deprecated. Use //# instead
console.warn: LoginRecipes: "Falling back to a synchronous message for: https://demowebshop.tricentis.com."
Exiting due to channel error.
[GFX1-]: Receive IPC close with reason=AbnormalShutdown
[GFX1-]: Receive IPC close with reason=AbnormalShutdown
Exiting due to channel error.
Exiting due to channel error.
[GFX1-]: Receive IPC close with reason=AbnormalShutdown
Exiting due to channel error.
Exiting due to channel error.
Exiting due to channel error.
