1679553629809	geckodriver	INFO	Listening on 127.0.0.1:60805
1679553630334	mozrunner::runner	INFO	Running command: "/Applications/Firefox.app/Contents/MacOS/firefox-bin" "--marionette" "--remote-debugging-port" "60806" "--r ... s" "localhost" "-foreground" "-no-remote" "-profile" "/var/folders/sq/45_w8tg95mg50lbml10wv49r0000gn/T/rust_mozprofileQLbqRo"
1679553630730	Marionette	INFO	Marionette enabled
1679553630815	Marionette	INFO	Listening on port 60811
Read port: 60811
2023-03-23 12:10:30.856 plugin-container[1885:73238] nil host used in call to allowsSpecificHTTPSCertificateForHost
2023-03-23 12:10:30.857 plugin-container[1885:73238] nil host used in call to allowsAnyHTTPSCertificateForHost:
2023-03-23 12:10:30.868 plugin-container[1885:73238] nil host used in call to allowsSpecificHTTPSCertificateForHost
2023-03-23 12:10:30.868 plugin-container[1885:73238] nil host used in call to allowsAnyHTTPSCertificateForHost:
2023-03-23 12:10:30.869 plugin-container[1885:73240] nil host used in call to allowsSpecificHTTPSCertificateForHost
2023-03-23 12:10:30.869 plugin-container[1885:73240] nil host used in call to allowsAnyHTTPSCertificateForHost:
WebDriver BiDi listening on ws://127.0.0.1:60806
1679553630943	RemoteAgent	WARN	TLS certificate errors will be ignored for this session
console.warn: SearchSettings: "get: No settings file exists, new profile?" (new NotFoundError("Could not open the file at /var/folders/sq/45_w8tg95mg50lbml10wv49r0000gn/T/rust_mozprofileQLbqRo/search.json.mozlz4", (void 0)))
DevTools listening on ws://127.0.0.1:60806/devtools/browser/0f52b5e3-12d3-4329-b7b8-59fa570aa233
JavaScript warning: https://demowebshop.tricentis.com/Scripts/jquery-1.10.2.min.js, line 19: Using //@ to indicate sourceMappingURL pragmas is deprecated. Use //# instead
console.warn: LoginRecipes: "Falling back to a synchronous message for: https://demowebshop.tricentis.com."
console.warn: LoginRecipes: "Falling back to a synchronous message for: https://demowebshop.tricentis.com."
JavaScript warning: https://demowebshop.tricentis.com/Scripts/jquery-1.10.2.min.js, line 19: Using //@ to indicate sourceMappingURL pragmas is deprecated. Use //# instead
console.warn: LoginRecipes: "Falling back to a synchronous message for: https://demowebshop.tricentis.com."
JavaScript warning: https://demowebshop.tricentis.com/Scripts/jquery-1.10.2.min.js, line 19: Using //@ to indicate sourceMappingURL pragmas is deprecated. Use //# instead
console.warn: LoginRecipes: "Falling back to a synchronous message for: https://demowebshop.tricentis.com."
Exiting due to channel error.
[GFX1-]: Receive IPC close with reason=AbnormalShutdown
Exiting due to channel error.
Exiting due to channel error.
Exiting due to channel error.
Exiting due to channel error.
Exiting due to channel error.
