1679562714931	geckodriver	INFO	Listening on 127.0.0.1:62356
1679562715452	mozrunner::runner	INFO	Running command: "/Applications/Firefox.app/Contents/MacOS/firefox-bin" "--marionette" "--remote-debugging-port" "62357" "--r ... s" "localhost" "-foreground" "-no-remote" "-profile" "/var/folders/sq/45_w8tg95mg50lbml10wv49r0000gn/T/rust_mozprofileTAXVN2"
1679562715850	Marionette	INFO	Marionette enabled
1679562715927	Marionette	INFO	Listening on port 62366
2023-03-23 14:41:55.965 plugin-container[3786:176650] nil host used in call to allowsSpecificHTTPSCertificateForHost
2023-03-23 14:41:55.966 plugin-container[3786:176650] nil host used in call to allowsAnyHTTPSCertificateForHost:
2023-03-23 14:41:55.969 plugin-container[3786:176650] nil host used in call to allowsSpecificHTTPSCertificateForHost
2023-03-23 14:41:55.969 plugin-container[3786:176650] nil host used in call to allowsAnyHTTPSCertificateForHost:
2023-03-23 14:41:55.969 plugin-container[3786:176654] nil host used in call to allowsSpecificHTTPSCertificateForHost
2023-03-23 14:41:55.970 plugin-container[3786:176654] nil host used in call to allowsAnyHTTPSCertificateForHost:
Read port: 62366
WebDriver BiDi listening on ws://127.0.0.1:62357
1679562716047	RemoteAgent	WARN	TLS certificate errors will be ignored for this session
console.warn: SearchSettings: "get: No settings file exists, new profile?" (new NotFoundError("Could not open the file at /var/folders/sq/45_w8tg95mg50lbml10wv49r0000gn/T/rust_mozprofileTAXVN2/search.json.mozlz4", (void 0)))
DevTools listening on ws://127.0.0.1:62357/devtools/browser/b446d4d4-a7bf-4b64-b39c-c502735bb787
JavaScript warning: https://demowebshop.tricentis.com/Scripts/jquery-1.10.2.min.js, line 19: Using //@ to indicate sourceMappingURL pragmas is deprecated. Use //# instead
console.warn: LoginRecipes: "Falling back to a synchronous message for: https://demowebshop.tricentis.com."
console.warn: LoginRecipes: "Falling back to a synchronous message for: https://demowebshop.tricentis.com."
JavaScript warning: https://demowebshop.tricentis.com/Scripts/jquery-1.10.2.min.js, line 19: Using //@ to indicate sourceMappingURL pragmas is deprecated. Use //# instead
console.warn: LoginRecipes: "Falling back to a synchronous message for: https://demowebshop.tricentis.com."
JavaScript warning: https://demowebshop.tricentis.com/Scripts/jquery-1.10.2.min.js, line 19: Using //@ to indicate sourceMappingURL pragmas is deprecated. Use //# instead
console.warn: LoginRecipes: "Falling back to a synchronous message for: https://demowebshop.tricentis.com."
console.warn: LoginRecipes: "Falling back to a synchronous message for: https://demowebshop.tricentis.com."
JavaScript warning: https://demowebshop.tricentis.com/Scripts/jquery-1.10.2.min.js, line 19: Using //@ to indicate sourceMappingURL pragmas is deprecated. Use //# instead
1679562912815	Marionette	INFO	Stopped listening on port 62366
console.warn: TopSitesFeed: Failed to fetch data from Contile server: NetworkError when attempting to fetch resource.
