1678429415701	geckodriver	INFO	Listening on 127.0.0.1:49579
1678429416216	mozrunner::runner	INFO	Running command: "/Applications/Firefox.app/Contents/MacOS/firefox-bin" "--marionette" "--remote-debugging-port" "49580" "--r ... s" "localhost" "-foreground" "-no-remote" "-profile" "/var/folders/sq/45_w8tg95mg50lbml10wv49r0000gn/T/rust_mozprofileBsbeYh"
1678429416600	Marionette	INFO	Marionette enabled
1678429416679	Marionette	INFO	Listening on port 49589
2023-03-10 11:53:36.723 plugin-container[2025:63016] nil host used in call to allowsSpecificHTTPSCertificateForHost
2023-03-10 11:53:36.724 plugin-container[2025:63016] nil host used in call to allowsAnyHTTPSCertificateForHost:
2023-03-10 11:53:36.729 plugin-container[2025:63016] nil host used in call to allowsSpecificHTTPSCertificateForHost
2023-03-10 11:53:36.729 plugin-container[2025:63016] nil host used in call to allowsAnyHTTPSCertificateForHost:
2023-03-10 11:53:36.729 plugin-container[2025:63019] nil host used in call to allowsSpecificHTTPSCertificateForHost
2023-03-10 11:53:36.729 plugin-container[2025:63019] nil host used in call to allowsAnyHTTPSCertificateForHost:
Read port: 49589
WebDriver BiDi listening on ws://127.0.0.1:49580
1678429416814	RemoteAgent	WARN	TLS certificate errors will be ignored for this session
console.warn: SearchSettings: "get: No settings file exists, new profile?" (new NotFoundError("Could not open the file at /var/folders/sq/45_w8tg95mg50lbml10wv49r0000gn/T/rust_mozprofileBsbeYh/search.json.mozlz4", (void 0)))
DevTools listening on ws://127.0.0.1:49580/devtools/browser/9279891f-1602-4eff-a0c9-f25751b20fad
JavaScript warning: https://demowebshop.tricentis.com/Scripts/jquery-1.10.2.min.js, line 19: Using //@ to indicate sourceMappingURL pragmas is deprecated. Use //# instead
JavaScript warning: https://demowebshop.tricentis.com/Scripts/jquery-1.10.2.min.js, line 19: Using //@ to indicate sourceMappingURL pragmas is deprecated. Use //# instead
JavaScript warning: https://demowebshop.tricentis.com/Scripts/jquery-1.10.2.min.js, line 19: Using //@ to indicate sourceMappingURL pragmas is deprecated. Use //# instead
1678440521653	Marionette	INFO	Stopped listening on port 49589
JavaScript error: , line 0: NotFoundError: No such JSWindowActor 'DevToolsFrame'
JavaScript error: , line 0: NotFoundError: No such JSWindowActor 'DevToolsFrame'
