1679556305669	geckodriver	INFO	Listening on 127.0.0.1:63093
1679556306191	mozrunner::runner	INFO	Running command: "/Applications/Firefox.app/Contents/MacOS/firefox-bin" "--marionette" "--remote-debugging-port" "63094" "--r ... s" "localhost" "-foreground" "-no-remote" "-profile" "/var/folders/sq/45_w8tg95mg50lbml10wv49r0000gn/T/rust_mozprofilexD4fjB"
1679556306586	Marionette	INFO	Marionette enabled
1679556306665	Marionette	INFO	Listening on port 63099
2023-03-23 12:55:06.701 plugin-container[2852:127402] nil host used in call to allowsSpecificHTTPSCertificateForHost
2023-03-23 12:55:06.701 plugin-container[2852:127402] nil host used in call to allowsAnyHTTPSCertificateForHost:
2023-03-23 12:55:06.705 plugin-container[2852:127402] nil host used in call to allowsSpecificHTTPSCertificateForHost
2023-03-23 12:55:06.705 plugin-container[2852:127402] nil host used in call to allowsAnyHTTPSCertificateForHost:
2023-03-23 12:55:06.705 plugin-container[2852:127406] nil host used in call to allowsSpecificHTTPSCertificateForHost
2023-03-23 12:55:06.705 plugin-container[2852:127406] nil host used in call to allowsAnyHTTPSCertificateForHost:
Read port: 63099
WebDriver BiDi listening on ws://127.0.0.1:63094
1679556306782	RemoteAgent	WARN	TLS certificate errors will be ignored for this session
console.warn: SearchSettings: "get: No settings file exists, new profile?" (new NotFoundError("Could not open the file at /var/folders/sq/45_w8tg95mg50lbml10wv49r0000gn/T/rust_mozprofilexD4fjB/search.json.mozlz4", (void 0)))
DevTools listening on ws://127.0.0.1:63094/devtools/browser/6b846dca-c275-40a2-a313-f01fa7c5235c
JavaScript warning: https://demowebshop.tricentis.com/Scripts/jquery-1.10.2.min.js, line 19: Using //@ to indicate sourceMappingURL pragmas is deprecated. Use //# instead
console.warn: LoginRecipes: "Falling back to a synchronous message for: https://demowebshop.tricentis.com."
console.warn: LoginRecipes: "Falling back to a synchronous message for: https://demowebshop.tricentis.com."
JavaScript warning: https://demowebshop.tricentis.com/Scripts/jquery-1.10.2.min.js, line 19: Using //@ to indicate sourceMappingURL pragmas is deprecated. Use //# instead
console.warn: LoginRecipes: "Falling back to a synchronous message for: https://demowebshop.tricentis.com."
JavaScript warning: https://demowebshop.tricentis.com/Scripts/jquery-1.10.2.min.js, line 19: Using //@ to indicate sourceMappingURL pragmas is deprecated. Use //# instead
1679556317462	Marionette	INFO	Stopped listening on port 63099
