1679552676367	geckodriver	INFO	Listening on 127.0.0.1:58639
1679552676894	mozrunner::runner	INFO	Running command: "/Applications/Firefox.app/Contents/MacOS/firefox-bin" "--marionette" "--remote-debugging-port" "58640" "--r ... s" "localhost" "-foreground" "-no-remote" "-profile" "/var/folders/sq/45_w8tg95mg50lbml10wv49r0000gn/T/rust_mozprofileyA4RP0"
1679552677306	Marionette	INFO	Marionette enabled
1679552677392	Marionette	INFO	Listening on port 58649
Read port: 58649
2023-03-23 11:54:37.441 plugin-container[1683:61103] nil host used in call to allowsSpecificHTTPSCertificateForHost
2023-03-23 11:54:37.442 plugin-container[1683:61103] nil host used in call to allowsAnyHTTPSCertificateForHost:
2023-03-23 11:54:37.457 plugin-container[1683:61103] nil host used in call to allowsSpecificHTTPSCertificateForHost
2023-03-23 11:54:37.458 plugin-container[1683:61103] nil host used in call to allowsAnyHTTPSCertificateForHost:
2023-03-23 11:54:37.458 plugin-container[1683:61100] nil host used in call to allowsSpecificHTTPSCertificateForHost
2023-03-23 11:54:37.458 plugin-container[1683:61100] nil host used in call to allowsAnyHTTPSCertificateForHost:
WebDriver BiDi listening on ws://127.0.0.1:58640
1679552677518	RemoteAgent	WARN	TLS certificate errors will be ignored for this session
console.warn: SearchSettings: "get: No settings file exists, new profile?" (new NotFoundError("Could not open the file at /var/folders/sq/45_w8tg95mg50lbml10wv49r0000gn/T/rust_mozprofileyA4RP0/search.json.mozlz4", (void 0)))
DevTools listening on ws://127.0.0.1:58640/devtools/browser/5e87d7c0-1f4c-4b58-83a6-258179ac7dc9
JavaScript warning: https://demowebshop.tricentis.com/Scripts/jquery-1.10.2.min.js, line 19: Using //@ to indicate sourceMappingURL pragmas is deprecated. Use //# instead
console.warn: LoginRecipes: "Falling back to a synchronous message for: https://demowebshop.tricentis.com."
console.warn: LoginRecipes: "Falling back to a synchronous message for: https://demowebshop.tricentis.com."
JavaScript warning: https://demowebshop.tricentis.com/Scripts/jquery-1.10.2.min.js, line 19: Using //@ to indicate sourceMappingURL pragmas is deprecated. Use //# instead
console.warn: LoginRecipes: "Falling back to a synchronous message for: https://demowebshop.tricentis.com."
JavaScript warning: https://demowebshop.tricentis.com/Scripts/jquery-1.10.2.min.js, line 19: Using //@ to indicate sourceMappingURL pragmas is deprecated. Use //# instead
Exiting due to channel error.
Exiting due to channel error.
Exiting due to channel error.
[GFX1-]: Receive IPC close with reason=AbnormalShutdown
Exiting due to channel error.
[GFX1-]: Receive IPC close with reason=AbnormalShutdown
Exiting due to channel error.
Exiting due to channel error.
