1679461647923	geckodriver	INFO	Listening on 127.0.0.1:52992
1679461648452	mozrunner::runner	INFO	Running command: "/Applications/Firefox.app/Contents/MacOS/firefox-bin" "--marionette" "--remote-debugging-port" "52993" "--r ... s" "localhost" "-foreground" "-no-remote" "-profile" "/var/folders/sq/45_w8tg95mg50lbml10wv49r0000gn/T/rust_mozprofileAgD30w"
1679461648837	Marionette	INFO	Marionette enabled
1679461648914	Marionette	INFO	Listening on port 52998
2023-03-22 10:37:28.963 plugin-container[1411:43325] nil host used in call to allowsSpecificHTTPSCertificateForHost
2023-03-22 10:37:28.963 plugin-container[1411:43325] nil host used in call to allowsAnyHTTPSCertificateForHost:
Read port: 52998
WebDriver BiDi listening on ws://127.0.0.1:52993
2023-03-22 10:37:28.991 plugin-container[1411:43325] nil host used in call to allowsSpecificHTTPSCertificateForHost
2023-03-22 10:37:28.991 plugin-container[1411:43325] nil host used in call to allowsAnyHTTPSCertificateForHost:
2023-03-22 10:37:28.992 plugin-container[1411:43330] nil host used in call to allowsSpecificHTTPSCertificateForHost
2023-03-22 10:37:28.992 plugin-container[1411:43330] nil host used in call to allowsAnyHTTPSCertificateForHost:
1679461649069	RemoteAgent	WARN	TLS certificate errors will be ignored for this session
console.warn: SearchSettings: "get: No settings file exists, new profile?" (new NotFoundError("Could not open the file at /var/folders/sq/45_w8tg95mg50lbml10wv49r0000gn/T/rust_mozprofileAgD30w/search.json.mozlz4", (void 0)))
DevTools listening on ws://127.0.0.1:52993/devtools/browser/a607de1e-0fbc-4d16-ae7c-dc4cb9d1ebfb
JavaScript warning: https://demowebshop.tricentis.com/Scripts/jquery-1.10.2.min.js, line 19: Using //@ to indicate sourceMappingURL pragmas is deprecated. Use //# instead
console.warn: LoginRecipes: "Falling back to a synchronous message for: https://demowebshop.tricentis.com."
console.warn: LoginRecipes: "Falling back to a synchronous message for: https://demowebshop.tricentis.com."
JavaScript warning: https://demowebshop.tricentis.com/Scripts/jquery-1.10.2.min.js, line 19: Using //@ to indicate sourceMappingURL pragmas is deprecated. Use //# instead
1679461667007	Marionette	INFO	Stopped listening on port 52998
