1679552145428	geckodriver	INFO	Listening on 127.0.0.1:56154
1679552145958	mozrunner::runner	INFO	Running command: "/Applications/Firefox.app/Contents/MacOS/firefox-bin" "--marionette" "--remote-debugging-port" "56155" "--r ... s" "localhost" "-foreground" "-no-remote" "-profile" "/var/folders/sq/45_w8tg95mg50lbml10wv49r0000gn/T/rust_mozprofilecnTQaG"
1679552146347	Marionette	INFO	Marionette enabled
1679552146428	Marionette	INFO	Listening on port 56164
2023-03-23 11:45:46.464 plugin-container[1565:53588] nil host used in call to allowsSpecificHTTPSCertificateForHost
2023-03-23 11:45:46.464 plugin-container[1565:53588] nil host used in call to allowsAnyHTTPSCertificateForHost:
2023-03-23 11:45:46.470 plugin-container[1565:53588] nil host used in call to allowsSpecificHTTPSCertificateForHost
2023-03-23 11:45:46.470 plugin-container[1565:53588] nil host used in call to allowsAnyHTTPSCertificateForHost:
2023-03-23 11:45:46.470 plugin-container[1565:53593] nil host used in call to allowsSpecificHTTPSCertificateForHost
2023-03-23 11:45:46.470 plugin-container[1565:53593] nil host used in call to allowsAnyHTTPSCertificateForHost:
Read port: 56164
WebDriver BiDi listening on ws://127.0.0.1:56155
1679552146547	RemoteAgent	WARN	TLS certificate errors will be ignored for this session
console.warn: SearchSettings: "get: No settings file exists, new profile?" (new NotFoundError("Could not open the file at /var/folders/sq/45_w8tg95mg50lbml10wv49r0000gn/T/rust_mozprofilecnTQaG/search.json.mozlz4", (void 0)))
DevTools listening on ws://127.0.0.1:56155/devtools/browser/478474bc-0f19-45e9-86f6-9f0ced60a578
JavaScript warning: https://demowebshop.tricentis.com/Scripts/jquery-1.10.2.min.js, line 19: Using //@ to indicate sourceMappingURL pragmas is deprecated. Use //# instead
JavaScript warning: https://demowebshop.tricentis.com/Scripts/jquery-1.10.2.min.js, line 19: Using //@ to indicate sourceMappingURL pragmas is deprecated. Use //# instead
console.warn: LoginRecipes: "Falling back to a synchronous message for: https://demowebshop.tricentis.com."
JavaScript warning: https://demowebshop.tricentis.com/Scripts/jquery-1.10.2.min.js, line 19: Using //@ to indicate sourceMappingURL pragmas is deprecated. Use //# instead
console.warn: LoginRecipes: "Falling back to a synchronous message for: https://demowebshop.tricentis.com."
Exiting due to channel error.
Exiting due to channel error.
Exiting due to channel error.
Exiting due to channel error.
Exiting due to channel error.
Exiting due to channel error.
Exiting due to channel error.
