1679556492175	geckodriver	INFO	Listening on 127.0.0.1:63378
1679556492702	mozrunner::runner	INFO	Running command: "/Applications/Firefox.app/Contents/MacOS/firefox-bin" "--marionette" "--remote-debugging-port" "63379" "--r ... s" "localhost" "-foreground" "-no-remote" "-profile" "/var/folders/sq/45_w8tg95mg50lbml10wv49r0000gn/T/rust_mozprofilesonI4J"
1679556493092	Marionette	INFO	Marionette enabled
1679556493176	Marionette	INFO	Listening on port 63388
Read port: 63388
2023-03-23 12:58:13.242 plugin-container[2954:130281] nil host used in call to allowsSpecificHTTPSCertificateForHost
2023-03-23 12:58:13.242 plugin-container[2954:130281] nil host used in call to allowsAnyHTTPSCertificateForHost:
2023-03-23 12:58:13.249 plugin-container[2954:130281] nil host used in call to allowsSpecificHTTPSCertificateForHost
2023-03-23 12:58:13.249 plugin-container[2954:130281] nil host used in call to allowsAnyHTTPSCertificateForHost:
WebDriver BiDi listening on ws://127.0.0.1:63379
2023-03-23 12:58:13.250 plugin-container[2954:130284] nil host used in call to allowsSpecificHTTPSCertificateForHost
2023-03-23 12:58:13.250 plugin-container[2954:130284] nil host used in call to allowsAnyHTTPSCertificateForHost:
1679556493314	RemoteAgent	WARN	TLS certificate errors will be ignored for this session
console.warn: SearchSettings: "get: No settings file exists, new profile?" (new NotFoundError("Could not open the file at /var/folders/sq/45_w8tg95mg50lbml10wv49r0000gn/T/rust_mozprofilesonI4J/search.json.mozlz4", (void 0)))
DevTools listening on ws://127.0.0.1:63379/devtools/browser/2f79af17-d1f4-4447-a35a-684f462167d0
JavaScript warning: https://demowebshop.tricentis.com/Scripts/jquery-1.10.2.min.js, line 19: Using //@ to indicate sourceMappingURL pragmas is deprecated. Use //# instead
console.warn: LoginRecipes: "Falling back to a synchronous message for: https://demowebshop.tricentis.com."
console.warn: LoginRecipes: "Falling back to a synchronous message for: https://demowebshop.tricentis.com."
JavaScript warning: https://demowebshop.tricentis.com/Scripts/jquery-1.10.2.min.js, line 19: Using //@ to indicate sourceMappingURL pragmas is deprecated. Use //# instead
console.warn: LoginRecipes: "Falling back to a synchronous message for: https://demowebshop.tricentis.com."
JavaScript warning: https://demowebshop.tricentis.com/Scripts/jquery-1.10.2.min.js, line 19: Using //@ to indicate sourceMappingURL pragmas is deprecated. Use //# instead
1679556503991	Marionette	INFO	Stopped listening on port 63388
