1679304079822	geckodriver	INFO	Listening on 127.0.0.1:60213
1679304080340	mozrunner::runner	INFO	Running command: "/Applications/Firefox.app/Contents/MacOS/firefox-bin" "--marionette" "--remote-debugging-port" "60214" "--r ... s" "localhost" "-foreground" "-no-remote" "-profile" "/var/folders/sq/45_w8tg95mg50lbml10wv49r0000gn/T/rust_mozprofilehHS0SZ"
1679304080843	Marionette	INFO	Marionette enabled
1679304080961	Marionette	INFO	Listening on port 60222
Read port: 60222
WebDriver BiDi listening on ws://127.0.0.1:60214
1679304081089	RemoteAgent	WARN	TLS certificate errors will be ignored for this session
2023-03-20 14:51:21.128 plugin-container[2075:94046] nil host used in call to allowsSpecificHTTPSCertificateForHost
2023-03-20 14:51:21.128 plugin-container[2075:94046] nil host used in call to allowsAnyHTTPSCertificateForHost:
2023-03-20 14:51:21.168 plugin-container[2075:94046] nil host used in call to allowsSpecificHTTPSCertificateForHost
2023-03-20 14:51:21.168 plugin-container[2075:94046] nil host used in call to allowsAnyHTTPSCertificateForHost:
2023-03-20 14:51:21.168 plugin-container[2075:94053] nil host used in call to allowsSpecificHTTPSCertificateForHost
2023-03-20 14:51:21.168 plugin-container[2075:94053] nil host used in call to allowsAnyHTTPSCertificateForHost:
console.warn: SearchSettings: "get: No settings file exists, new profile?" (new NotFoundError("Could not open the file at /var/folders/sq/45_w8tg95mg50lbml10wv49r0000gn/T/rust_mozprofilehHS0SZ/search.json.mozlz4", (void 0)))
DevTools listening on ws://127.0.0.1:60214/devtools/browser/607bb399-aa7d-4f55-8690-8c1c7040e696
JavaScript warning: https://demowebshop.tricentis.com/Scripts/jquery-1.10.2.min.js, line 19: Using //@ to indicate sourceMappingURL pragmas is deprecated. Use //# instead
JavaScript warning: https://demowebshop.tricentis.com/Scripts/jquery-1.10.2.min.js, line 19: Using //@ to indicate sourceMappingURL pragmas is deprecated. Use //# instead
JavaScript warning: https://demowebshop.tricentis.com/Scripts/jquery-1.10.2.min.js, line 19: Using //@ to indicate sourceMappingURL pragmas is deprecated. Use //# instead
JavaScript warning: https://demowebshop.tricentis.com/Scripts/jquery-1.10.2.min.js, line 19: Using //@ to indicate sourceMappingURL pragmas is deprecated. Use //# instead
console.warn: LoginRecipes: "Falling back to a synchronous message for: https://demowebshop.tricentis.com."
1679304095816	Marionette	INFO	Stopped listening on port 60222
