1678448383835	geckodriver	INFO	Listening on 127.0.0.1:62874
1678448384364	mozrunner::runner	INFO	Running command: "/Applications/Firefox.app/Contents/MacOS/firefox-bin" "--marionette" "--remote-debugging-port" "62875" "--r ... s" "localhost" "-foreground" "-no-remote" "-profile" "/var/folders/sq/45_w8tg95mg50lbml10wv49r0000gn/T/rust_mozprofileGGPLYR"
1678448384751	Marionette	INFO	Marionette enabled
1678448384832	Marionette	INFO	Listening on port 62884
2023-03-10 17:09:44.874 plugin-container[4126:267375] nil host used in call to allowsSpecificHTTPSCertificateForHost
2023-03-10 17:09:44.875 plugin-container[4126:267375] nil host used in call to allowsAnyHTTPSCertificateForHost:
2023-03-10 17:09:44.882 plugin-container[4126:267375] nil host used in call to allowsSpecificHTTPSCertificateForHost
2023-03-10 17:09:44.882 plugin-container[4126:267375] nil host used in call to allowsAnyHTTPSCertificateForHost:
2023-03-10 17:09:44.883 plugin-container[4126:267378] nil host used in call to allowsSpecificHTTPSCertificateForHost
2023-03-10 17:09:44.883 plugin-container[4126:267378] nil host used in call to allowsAnyHTTPSCertificateForHost:
Read port: 62884
WebDriver BiDi listening on ws://127.0.0.1:62875
1678448384961	RemoteAgent	WARN	TLS certificate errors will be ignored for this session
console.warn: SearchSettings: "get: No settings file exists, new profile?" (new NotFoundError("Could not open the file at /var/folders/sq/45_w8tg95mg50lbml10wv49r0000gn/T/rust_mozprofileGGPLYR/search.json.mozlz4", (void 0)))
DevTools listening on ws://127.0.0.1:62875/devtools/browser/66bb37d6-8aae-4bb0-8152-5392b0502974
JavaScript warning: https://demowebshop.tricentis.com/Scripts/jquery-1.10.2.min.js, line 19: Using //@ to indicate sourceMappingURL pragmas is deprecated. Use //# instead
JavaScript warning: https://demowebshop.tricentis.com/Scripts/jquery-1.10.2.min.js, line 19: Using //@ to indicate sourceMappingURL pragmas is deprecated. Use //# instead
JavaScript warning: https://demowebshop.tricentis.com/Scripts/jquery-1.10.2.min.js, line 19: Using //@ to indicate sourceMappingURL pragmas is deprecated. Use //# instead
JavaScript warning: https://demowebshop.tricentis.com/Scripts/jquery-1.10.2.min.js, line 19: Using //@ to indicate sourceMappingURL pragmas is deprecated. Use //# instead
console.warn: LoginRecipes: "Falling back to a synchronous message for: https://demowebshop.tricentis.com."
1678448397849	Marionette	INFO	Stopped listening on port 62884
