1679552177862	geckodriver	INFO	Listening on 127.0.0.1:56348
1679552177871	mozrunner::runner	INFO	Running command: "/Applications/Firefox.app/Contents/MacOS/firefox-bin" "--marionette" "--remote-debugging-port" "56349" "--r ... s" "localhost" "-foreground" "-no-remote" "-profile" "/var/folders/sq/45_w8tg95mg50lbml10wv49r0000gn/T/rust_mozprofile4knjjl"
1679552178238	Marionette	INFO	Marionette enabled
1679552178316	Marionette	INFO	Listening on port 56356
2023-03-23 11:46:18.350 plugin-container[1595:54271] nil host used in call to allowsSpecificHTTPSCertificateForHost
2023-03-23 11:46:18.350 plugin-container[1595:54271] nil host used in call to allowsAnyHTTPSCertificateForHost:
2023-03-23 11:46:18.354 plugin-container[1595:54271] nil host used in call to allowsSpecificHTTPSCertificateForHost
2023-03-23 11:46:18.354 plugin-container[1595:54271] nil host used in call to allowsAnyHTTPSCertificateForHost:
2023-03-23 11:46:18.354 plugin-container[1595:54274] nil host used in call to allowsSpecificHTTPSCertificateForHost
2023-03-23 11:46:18.354 plugin-container[1595:54274] nil host used in call to allowsAnyHTTPSCertificateForHost:
Read port: 56356
WebDriver BiDi listening on ws://127.0.0.1:56349
1679552178458	RemoteAgent	WARN	TLS certificate errors will be ignored for this session
console.warn: SearchSettings: "get: No settings file exists, new profile?" (new NotFoundError("Could not open the file at /var/folders/sq/45_w8tg95mg50lbml10wv49r0000gn/T/rust_mozprofile4knjjl/search.json.mozlz4", (void 0)))
DevTools listening on ws://127.0.0.1:56349/devtools/browser/2467fb50-d759-490e-b4c0-67b1914c3045
JavaScript warning: https://demowebshop.tricentis.com/Scripts/jquery-1.10.2.min.js, line 19: Using //@ to indicate sourceMappingURL pragmas is deprecated. Use //# instead
console.warn: LoginRecipes: "Falling back to a synchronous message for: https://demowebshop.tricentis.com."
console.warn: LoginRecipes: "Falling back to a synchronous message for: https://demowebshop.tricentis.com."
JavaScript warning: https://demowebshop.tricentis.com/Scripts/jquery-1.10.2.min.js, line 19: Using //@ to indicate sourceMappingURL pragmas is deprecated. Use //# instead
console.warn: LoginRecipes: "Falling back to a synchronous message for: https://demowebshop.tricentis.com."
JavaScript warning: https://demowebshop.tricentis.com/Scripts/jquery-1.10.2.min.js, line 19: Using //@ to indicate sourceMappingURL pragmas is deprecated. Use //# instead
[GFX1-]: Receive IPC close with reason=AbnormalShutdown
Exiting due to channel error.
Exiting due to channel error.
Exiting due to channel error.
[GFX1-]: Receive IPC close with reason=AbnormalShutdown
Exiting due to channel error.
