1679560949995	geckodriver	INFO	Listening on 127.0.0.1:59468
1679560950515	mozrunner::runner	INFO	Running command: "/Applications/Firefox.app/Contents/MacOS/firefox-bin" "--marionette" "--remote-debugging-port" "59469" "--r ... s" "localhost" "-foreground" "-no-remote" "-profile" "/var/folders/sq/45_w8tg95mg50lbml10wv49r0000gn/T/rust_mozprofileDB9ieT"
1679560950900	Marionette	INFO	Marionette enabled
1679560950994	Marionette	INFO	Listening on port 59474
Read port: 59474
2023-03-23 14:12:31.045 plugin-container[3427:158354] nil host used in call to allowsSpecificHTTPSCertificateForHost
2023-03-23 14:12:31.045 plugin-container[3427:158354] nil host used in call to allowsAnyHTTPSCertificateForHost:
2023-03-23 14:12:31.056 plugin-container[3427:158354] nil host used in call to allowsSpecificHTTPSCertificateForHost
2023-03-23 14:12:31.056 plugin-container[3427:158354] nil host used in call to allowsAnyHTTPSCertificateForHost:
2023-03-23 14:12:31.056 plugin-container[3427:158363] nil host used in call to allowsSpecificHTTPSCertificateForHost
2023-03-23 14:12:31.056 plugin-container[3427:158363] nil host used in call to allowsAnyHTTPSCertificateForHost:
WebDriver BiDi listening on ws://127.0.0.1:59469
1679560951116	RemoteAgent	WARN	TLS certificate errors will be ignored for this session
console.warn: SearchSettings: "get: No settings file exists, new profile?" (new NotFoundError("Could not open the file at /var/folders/sq/45_w8tg95mg50lbml10wv49r0000gn/T/rust_mozprofileDB9ieT/search.json.mozlz4", (void 0)))
DevTools listening on ws://127.0.0.1:59469/devtools/browser/b56a2055-9c12-4954-82c5-72a23552ecb5
JavaScript warning: https://demowebshop.tricentis.com/Scripts/jquery-1.10.2.min.js, line 19: Using //@ to indicate sourceMappingURL pragmas is deprecated. Use //# instead
console.warn: LoginRecipes: "Falling back to a synchronous message for: https://demowebshop.tricentis.com."
console.warn: LoginRecipes: "Falling back to a synchronous message for: https://demowebshop.tricentis.com."
JavaScript warning: https://demowebshop.tricentis.com/Scripts/jquery-1.10.2.min.js, line 19: Using //@ to indicate sourceMappingURL pragmas is deprecated. Use //# instead
console.warn: LoginRecipes: "Falling back to a synchronous message for: https://demowebshop.tricentis.com."
JavaScript warning: https://demowebshop.tricentis.com/Scripts/jquery-1.10.2.min.js, line 19: Using //@ to indicate sourceMappingURL pragmas is deprecated. Use //# instead
console.warn: LoginRecipes: "Falling back to a synchronous message for: https://demowebshop.tricentis.com."
console.warn: LoginRecipes: "Falling back to a synchronous message for: https://demowebshop.tricentis.com."
JavaScript warning: https://demowebshop.tricentis.com/Scripts/jquery-1.10.2.min.js, line 19: Using //@ to indicate sourceMappingURL pragmas is deprecated. Use //# instead
1679562900823	Marionette	INFO	Stopped listening on port 59474
