1679551475217	geckodriver	INFO	Listening on 127.0.0.1:53711
1679551475740	mozrunner::runner	INFO	Running command: "/Applications/Firefox.app/Contents/MacOS/firefox-bin" "--marionette" "--remote-debugging-port" "53712" "--r ... s" "localhost" "-foreground" "-no-remote" "-profile" "/var/folders/sq/45_w8tg95mg50lbml10wv49r0000gn/T/rust_mozprofilet6YyWt"
1679551476127	Marionette	INFO	Marionette enabled
1679551476209	Marionette	INFO	Listening on port 53721
2023-03-23 11:34:36.261 plugin-container[1453:47844] nil host used in call to allowsSpecificHTTPSCertificateForHost
2023-03-23 11:34:36.261 plugin-container[1453:47844] nil host used in call to allowsAnyHTTPSCertificateForHost:
Read port: 53721
2023-03-23 11:34:36.268 plugin-container[1453:47844] nil host used in call to allowsSpecificHTTPSCertificateForHost
2023-03-23 11:34:36.268 plugin-container[1453:47844] nil host used in call to allowsAnyHTTPSCertificateForHost:
2023-03-23 11:34:36.268 plugin-container[1453:47852] nil host used in call to allowsSpecificHTTPSCertificateForHost
2023-03-23 11:34:36.268 plugin-container[1453:47852] nil host used in call to allowsAnyHTTPSCertificateForHost:
WebDriver BiDi listening on ws://127.0.0.1:53712
1679551476357	RemoteAgent	WARN	TLS certificate errors will be ignored for this session
console.warn: SearchSettings: "get: No settings file exists, new profile?" (new NotFoundError("Could not open the file at /var/folders/sq/45_w8tg95mg50lbml10wv49r0000gn/T/rust_mozprofilet6YyWt/search.json.mozlz4", (void 0)))
DevTools listening on ws://127.0.0.1:53712/devtools/browser/50f3cfbf-4167-48ff-b8ac-eb29e045d258
JavaScript warning: https://demowebshop.tricentis.com/Scripts/jquery-1.10.2.min.js, line 19: Using //@ to indicate sourceMappingURL pragmas is deprecated. Use //# instead
console.warn: LoginRecipes: "Falling back to a synchronous message for: https://demowebshop.tricentis.com."
console.warn: LoginRecipes: "Falling back to a synchronous message for: https://demowebshop.tricentis.com."
JavaScript warning: https://demowebshop.tricentis.com/Scripts/jquery-1.10.2.min.js, line 19: Using //@ to indicate sourceMappingURL pragmas is deprecated. Use //# instead
console.warn: LoginRecipes: "Falling back to a synchronous message for: https://demowebshop.tricentis.com."
JavaScript warning: https://demowebshop.tricentis.com/Scripts/jquery-1.10.2.min.js, line 19: Using //@ to indicate sourceMappingURL pragmas is deprecated. Use //# instead
console.warn: LoginRecipes: "Falling back to a synchronous message for: https://demowebshop.tricentis.com."
console.warn: LoginRecipes: "Falling back to a synchronous message for: https://demowebshop.tricentis.com."
JavaScript warning: https://demowebshop.tricentis.com/Scripts/jquery-1.10.2.min.js, line 19: Using //@ to indicate sourceMappingURL pragmas is deprecated. Use //# instead
console.warn: LoginRecipes: "Falling back to a synchronous message for: https://demowebshop.tricentis.com."
console.warn: LoginRecipes: "Falling back to a synchronous message for: https://demowebshop.tricentis.com."
console.warn: LoginRecipes: "Falling back to a synchronous message for: https://demowebshop.tricentis.com."
1679551488104	Marionette	INFO	Stopped listening on port 53721
