1679555178665	geckodriver	INFO	Listening on 127.0.0.1:62371
1679555179188	mozrunner::runner	INFO	Running command: "/Applications/Firefox.app/Contents/MacOS/firefox-bin" "--marionette" "--remote-debugging-port" "62372" "--r ... s" "localhost" "-foreground" "-no-remote" "-profile" "/var/folders/sq/45_w8tg95mg50lbml10wv49r0000gn/T/rust_mozprofilefmC2vx"
1679555179590	Marionette	INFO	Marionette enabled
1679555179677	Marionette	INFO	Listening on port 62377
Read port: 62377
2023-03-23 12:36:19.727 plugin-container[2460:106885] nil host used in call to allowsSpecificHTTPSCertificateForHost
2023-03-23 12:36:19.728 plugin-container[2460:106885] nil host used in call to allowsAnyHTTPSCertificateForHost:
2023-03-23 12:36:19.738 plugin-container[2460:106885] nil host used in call to allowsSpecificHTTPSCertificateForHost
2023-03-23 12:36:19.738 plugin-container[2460:106885] nil host used in call to allowsAnyHTTPSCertificateForHost:
2023-03-23 12:36:19.738 plugin-container[2460:106893] nil host used in call to allowsSpecificHTTPSCertificateForHost
2023-03-23 12:36:19.738 plugin-container[2460:106893] nil host used in call to allowsAnyHTTPSCertificateForHost:
WebDriver BiDi listening on ws://127.0.0.1:62372
1679555179816	RemoteAgent	WARN	TLS certificate errors will be ignored for this session
console.warn: SearchSettings: "get: No settings file exists, new profile?" (new NotFoundError("Could not open the file at /var/folders/sq/45_w8tg95mg50lbml10wv49r0000gn/T/rust_mozprofilefmC2vx/search.json.mozlz4", (void 0)))
DevTools listening on ws://127.0.0.1:62372/devtools/browser/dd4335c6-8205-440a-b2fe-cbe2228a4352
JavaScript warning: https://demowebshop.tricentis.com/Scripts/jquery-1.10.2.min.js, line 19: Using //@ to indicate sourceMappingURL pragmas is deprecated. Use //# instead
console.warn: LoginRecipes: "Falling back to a synchronous message for: https://demowebshop.tricentis.com."
console.warn: LoginRecipes: "Falling back to a synchronous message for: https://demowebshop.tricentis.com."
JavaScript warning: https://demowebshop.tricentis.com/Scripts/jquery-1.10.2.min.js, line 19: Using //@ to indicate sourceMappingURL pragmas is deprecated. Use //# instead
console.warn: LoginRecipes: "Falling back to a synchronous message for: https://demowebshop.tricentis.com."
JavaScript warning: https://demowebshop.tricentis.com/Scripts/jquery-1.10.2.min.js, line 19: Using //@ to indicate sourceMappingURL pragmas is deprecated. Use //# instead
[GFX1-]: Receive IPC close with reason=AbnormalShutdown
Exiting due to channel error.
[GFX1-]: Receive IPC close with reason=AbnormalShutdown
Exiting due to channel error.
Exiting due to channel error.
Exiting due to channel error.
Exiting due to channel error.
[GFX1-]: Receive IPC close with reason=AbnormalShutdown
Exiting due to channel error.
