1679554577793	geckodriver	INFO	Listening on 127.0.0.1:61796
1679554578312	mozrunner::runner	INFO	Running command: "/Applications/Firefox.app/Contents/MacOS/firefox-bin" "--marionette" "--remote-debugging-port" "61797" "--r ... s" "localhost" "-foreground" "-no-remote" "-profile" "/var/folders/sq/45_w8tg95mg50lbml10wv49r0000gn/T/rust_mozprofileguLXtU"
1679554578715	Marionette	INFO	Marionette enabled
1679554578802	Marionette	INFO	Listening on port 61802
Read port: 61802
2023-03-23 12:26:18.844 plugin-container[2186:91316] nil host used in call to allowsSpecificHTTPSCertificateForHost
2023-03-23 12:26:18.844 plugin-container[2186:91316] nil host used in call to allowsAnyHTTPSCertificateForHost:
2023-03-23 12:26:18.853 plugin-container[2186:91316] nil host used in call to allowsSpecificHTTPSCertificateForHost
2023-03-23 12:26:18.854 plugin-container[2186:91316] nil host used in call to allowsAnyHTTPSCertificateForHost:
2023-03-23 12:26:18.854 plugin-container[2186:91318] nil host used in call to allowsSpecificHTTPSCertificateForHost
2023-03-23 12:26:18.854 plugin-container[2186:91318] nil host used in call to allowsAnyHTTPSCertificateForHost:
WebDriver BiDi listening on ws://127.0.0.1:61797
1679554578929	RemoteAgent	WARN	TLS certificate errors will be ignored for this session
console.warn: SearchSettings: "get: No settings file exists, new profile?" (new NotFoundError("Could not open the file at /var/folders/sq/45_w8tg95mg50lbml10wv49r0000gn/T/rust_mozprofileguLXtU/search.json.mozlz4", (void 0)))
DevTools listening on ws://127.0.0.1:61797/devtools/browser/a860d53c-e84d-4675-b377-47ff39028dd9
JavaScript warning: https://demowebshop.tricentis.com/Scripts/jquery-1.10.2.min.js, line 19: Using //@ to indicate sourceMappingURL pragmas is deprecated. Use //# instead
console.warn: LoginRecipes: "Falling back to a synchronous message for: https://demowebshop.tricentis.com."
console.warn: LoginRecipes: "Falling back to a synchronous message for: https://demowebshop.tricentis.com."
JavaScript warning: https://demowebshop.tricentis.com/Scripts/jquery-1.10.2.min.js, line 19: Using //@ to indicate sourceMappingURL pragmas is deprecated. Use //# instead
console.warn: LoginRecipes: "Falling back to a synchronous message for: https://demowebshop.tricentis.com."
JavaScript warning: https://demowebshop.tricentis.com/Scripts/jquery-1.10.2.min.js, line 19: Using //@ to indicate sourceMappingURL pragmas is deprecated. Use //# instead
Exiting due to channel error.
[GFX1-]: Receive IPC close with reason=AbnormalShutdown
Exiting due to channel error.
[GFX1-]: Receive IPC close with reason=AbnormalShutdown
Exiting due to channel error.
Exiting due to channel error.
Exiting due to channel error.
[GFX1-]: Receive IPC close with reason=AbnormalShutdown
Exiting due to channel error.
