1679555248541	geckodriver	INFO	Listening on 127.0.0.1:62449
1679555249063	mozrunner::runner	INFO	Running command: "/Applications/Firefox.app/Contents/MacOS/firefox-bin" "--marionette" "--remote-debugging-port" "62450" "--r ... s" "localhost" "-foreground" "-no-remote" "-profile" "/var/folders/sq/45_w8tg95mg50lbml10wv49r0000gn/T/rust_mozprofilefxIFDe"
1679555249469	Marionette	INFO	Marionette enabled
2023-03-23 12:37:29.622 plugin-container[2492:109410] nil host used in call to allowsSpecificHTTPSCertificateForHost
2023-03-23 12:37:29.622 plugin-container[2492:109410] nil host used in call to allowsAnyHTTPSCertificateForHost:
2023-03-23 12:37:29.629 plugin-container[2492:109410] nil host used in call to allowsSpecificHTTPSCertificateForHost
2023-03-23 12:37:29.629 plugin-container[2492:109410] nil host used in call to allowsAnyHTTPSCertificateForHost:
2023-03-23 12:37:29.629 plugin-container[2492:109408] nil host used in call to allowsSpecificHTTPSCertificateForHost
2023-03-23 12:37:29.629 plugin-container[2492:109408] nil host used in call to allowsAnyHTTPSCertificateForHost:
1679555249685	Marionette	INFO	Listening on port 62459
WebDriver BiDi listening on ws://127.0.0.1:62450
Read port: 62459
1679555249949	RemoteAgent	WARN	TLS certificate errors will be ignored for this session
console.warn: SearchSettings: "get: No settings file exists, new profile?" (new NotFoundError("Could not open the file at /var/folders/sq/45_w8tg95mg50lbml10wv49r0000gn/T/rust_mozprofilefxIFDe/search.json.mozlz4", (void 0)))
DevTools listening on ws://127.0.0.1:62450/devtools/browser/e5e17503-dc04-404c-86ce-0600d25a15c7
JavaScript warning: https://demowebshop.tricentis.com/Scripts/jquery-1.10.2.min.js, line 19: Using //@ to indicate sourceMappingURL pragmas is deprecated. Use //# instead
console.warn: LoginRecipes: "Falling back to a synchronous message for: https://demowebshop.tricentis.com."
console.warn: LoginRecipes: "Falling back to a synchronous message for: https://demowebshop.tricentis.com."
JavaScript warning: https://demowebshop.tricentis.com/Scripts/jquery-1.10.2.min.js, line 19: Using //@ to indicate sourceMappingURL pragmas is deprecated. Use //# instead
console.warn: LoginRecipes: "Falling back to a synchronous message for: https://demowebshop.tricentis.com."
JavaScript warning: https://demowebshop.tricentis.com/Scripts/jquery-1.10.2.min.js, line 19: Using //@ to indicate sourceMappingURL pragmas is deprecated. Use //# instead
Exiting due to channel error.
Exiting due to channel error.
Exiting due to channel error.
Exiting due to channel error.
Exiting due to channel error.
Exiting due to channel error.
