1679546281926	geckodriver	INFO	Listening on 127.0.0.1:49894
1679546282446	mozrunner::runner	INFO	Running command: "/Applications/Firefox.app/Contents/MacOS/firefox-bin" "--marionette" "--remote-debugging-port" "49895" "--r ... s" "localhost" "-foreground" "-no-remote" "-profile" "/var/folders/sq/45_w8tg95mg50lbml10wv49r0000gn/T/rust_mozprofilekB7cOW"
1679546283026	Marionette	INFO	Marionette enabled
1679546283163	Marionette	INFO	Listening on port 49902
Read port: 49902
2023-03-23 10:08:03.256 plugin-container[989:18058] nil host used in call to allowsSpecificHTTPSCertificateForHost
2023-03-23 10:08:03.256 plugin-container[989:18058] nil host used in call to allowsAnyHTTPSCertificateForHost:
2023-03-23 10:08:03.260 plugin-container[989:18058] nil host used in call to allowsSpecificHTTPSCertificateForHost
2023-03-23 10:08:03.260 plugin-container[989:18058] nil host used in call to allowsAnyHTTPSCertificateForHost:
2023-03-23 10:08:03.261 plugin-container[989:18064] nil host used in call to allowsSpecificHTTPSCertificateForHost
2023-03-23 10:08:03.261 plugin-container[989:18064] nil host used in call to allowsAnyHTTPSCertificateForHost:
WebDriver BiDi listening on ws://127.0.0.1:49895
1679546283311	RemoteAgent	WARN	TLS certificate errors will be ignored for this session
console.warn: SearchSettings: "get: No settings file exists, new profile?" (new NotFoundError("Could not open the file at /var/folders/sq/45_w8tg95mg50lbml10wv49r0000gn/T/rust_mozprofilekB7cOW/search.json.mozlz4", (void 0)))
DevTools listening on ws://127.0.0.1:49895/devtools/browser/3b29b9dc-5395-44d7-bcb2-74f399d9d296
JavaScript warning: https://demowebshop.tricentis.com/Scripts/jquery-1.10.2.min.js, line 19: Using //@ to indicate sourceMappingURL pragmas is deprecated. Use //# instead
console.warn: LoginRecipes: "Falling back to a synchronous message for: https://demowebshop.tricentis.com."
console.warn: LoginRecipes: "Falling back to a synchronous message for: https://demowebshop.tricentis.com."
JavaScript warning: https://demowebshop.tricentis.com/Scripts/jquery-1.10.2.min.js, line 19: Using //@ to indicate sourceMappingURL pragmas is deprecated. Use //# instead
1679546301236	Marionette	INFO	Stopped listening on port 49902
