1679555677072	geckodriver	INFO	Listening on 127.0.0.1:62746
1679555677593	mozrunner::runner	INFO	Running command: "/Applications/Firefox.app/Contents/MacOS/firefox-bin" "--marionette" "--remote-debugging-port" "62747" "--r ... s" "localhost" "-foreground" "-no-remote" "-profile" "/var/folders/sq/45_w8tg95mg50lbml10wv49r0000gn/T/rust_mozprofilejifNA6"
1679555677971	Marionette	INFO	Marionette enabled
1679555678058	Marionette	INFO	Listening on port 62752
2023-03-23 12:44:38.109 plugin-container[2650:119343] nil host used in call to allowsSpecificHTTPSCertificateForHost
2023-03-23 12:44:38.109 plugin-container[2650:119343] nil host used in call to allowsAnyHTTPSCertificateForHost:
Read port: 62752
2023-03-23 12:44:38.115 plugin-container[2650:119343] nil host used in call to allowsSpecificHTTPSCertificateForHost
2023-03-23 12:44:38.115 plugin-container[2650:119343] nil host used in call to allowsAnyHTTPSCertificateForHost:
2023-03-23 12:44:38.115 plugin-container[2650:119353] nil host used in call to allowsSpecificHTTPSCertificateForHost
2023-03-23 12:44:38.115 plugin-container[2650:119353] nil host used in call to allowsAnyHTTPSCertificateForHost:
WebDriver BiDi listening on ws://127.0.0.1:62747
1679555678193	RemoteAgent	WARN	TLS certificate errors will be ignored for this session
console.warn: SearchSettings: "get: No settings file exists, new profile?" (new NotFoundError("Could not open the file at /var/folders/sq/45_w8tg95mg50lbml10wv49r0000gn/T/rust_mozprofilejifNA6/search.json.mozlz4", (void 0)))
DevTools listening on ws://127.0.0.1:62747/devtools/browser/63fbc94f-6c2f-4df8-9216-b8133e53cfe9
JavaScript warning: https://demowebshop.tricentis.com/Scripts/jquery-1.10.2.min.js, line 19: Using //@ to indicate sourceMappingURL pragmas is deprecated. Use //# instead
console.warn: LoginRecipes: "Falling back to a synchronous message for: https://demowebshop.tricentis.com."
console.warn: LoginRecipes: "Falling back to a synchronous message for: https://demowebshop.tricentis.com."
JavaScript warning: https://demowebshop.tricentis.com/Scripts/jquery-1.10.2.min.js, line 19: Using //@ to indicate sourceMappingURL pragmas is deprecated. Use //# instead
console.warn: LoginRecipes: "Falling back to a synchronous message for: https://demowebshop.tricentis.com."
JavaScript warning: https://demowebshop.tricentis.com/Scripts/jquery-1.10.2.min.js, line 19: Using //@ to indicate sourceMappingURL pragmas is deprecated. Use //# instead
1679555904586	Marionette	INFO	Stopped listening on port 62752
