1678443946516	geckodriver	INFO	Listening on 127.0.0.1:53040
1678443947041	mozrunner::runner	INFO	Running command: "/Applications/Firefox.app/Contents/MacOS/firefox-bin" "--marionette" "--remote-debugging-port" "53041" "--r ... s" "localhost" "-foreground" "-no-remote" "-profile" "/var/folders/sq/45_w8tg95mg50lbml10wv49r0000gn/T/rust_mozprofileRLhu7J"
1678443947419	Marionette	INFO	Marionette enabled
2023-03-10 15:55:47.530 plugin-container[3493:238175] nil host used in call to allowsSpecificHTTPSCertificateForHost
2023-03-10 15:55:47.530 plugin-container[3493:238175] nil host used in call to allowsAnyHTTPSCertificateForHost:
2023-03-10 15:55:47.535 plugin-container[3493:238175] nil host used in call to allowsSpecificHTTPSCertificateForHost
2023-03-10 15:55:47.535 plugin-container[3493:238175] nil host used in call to allowsAnyHTTPSCertificateForHost:
2023-03-10 15:55:47.535 plugin-container[3493:238180] nil host used in call to allowsSpecificHTTPSCertificateForHost
2023-03-10 15:55:47.535 plugin-container[3493:238180] nil host used in call to allowsAnyHTTPSCertificateForHost:
1678443947600	Marionette	INFO	Listening on port 53050
Read port: 53050
WebDriver BiDi listening on ws://127.0.0.1:53041
1678443947720	RemoteAgent	WARN	TLS certificate errors will be ignored for this session
console.warn: SearchSettings: "get: No settings file exists, new profile?" (new NotFoundError("Could not open the file at /var/folders/sq/45_w8tg95mg50lbml10wv49r0000gn/T/rust_mozprofileRLhu7J/search.json.mozlz4", (void 0)))
DevTools listening on ws://127.0.0.1:53041/devtools/browser/9479df7b-f294-4cfe-940a-05936f7cdbfb
JavaScript warning: https://demowebshop.tricentis.com/Scripts/jquery-1.10.2.min.js, line 19: Using //@ to indicate sourceMappingURL pragmas is deprecated. Use //# instead
JavaScript warning: https://demowebshop.tricentis.com/Scripts/jquery-1.10.2.min.js, line 19: Using //@ to indicate sourceMappingURL pragmas is deprecated. Use //# instead
JavaScript warning: https://demowebshop.tricentis.com/Scripts/jquery-1.10.2.min.js, line 19: Using //@ to indicate sourceMappingURL pragmas is deprecated. Use //# instead
JavaScript warning: https://demowebshop.tricentis.com/Scripts/jquery-1.10.2.min.js, line 19: Using //@ to indicate sourceMappingURL pragmas is deprecated. Use //# instead
1678444259931	Marionette	INFO	Stopped listening on port 53050
