1679560555070	geckodriver	INFO	Listening on 127.0.0.1:57843
1679560555594	mozrunner::runner	INFO	Running command: "/Applications/Firefox.app/Contents/MacOS/firefox-bin" "--marionette" "--remote-debugging-port" "57844" "--r ... s" "localhost" "-foreground" "-no-remote" "-profile" "/var/folders/sq/45_w8tg95mg50lbml10wv49r0000gn/T/rust_mozprofileBLXLsH"
1679560555978	Marionette	INFO	Marionette enabled
1679560556056	Marionette	INFO	Listening on port 57853
2023-03-23 14:05:56.094 plugin-container[3379:153555] nil host used in call to allowsSpecificHTTPSCertificateForHost
2023-03-23 14:05:56.094 plugin-container[3379:153555] nil host used in call to allowsAnyHTTPSCertificateForHost:
2023-03-23 14:05:56.097 plugin-container[3379:153555] nil host used in call to allowsSpecificHTTPSCertificateForHost
2023-03-23 14:05:56.097 plugin-container[3379:153555] nil host used in call to allowsAnyHTTPSCertificateForHost:
2023-03-23 14:05:56.097 plugin-container[3379:153561] nil host used in call to allowsSpecificHTTPSCertificateForHost
2023-03-23 14:05:56.097 plugin-container[3379:153561] nil host used in call to allowsAnyHTTPSCertificateForHost:
Read port: 57853
WebDriver BiDi listening on ws://127.0.0.1:57844
1679560556187	RemoteAgent	WARN	TLS certificate errors will be ignored for this session
console.warn: SearchSettings: "get: No settings file exists, new profile?" (new NotFoundError("Could not open the file at /var/folders/sq/45_w8tg95mg50lbml10wv49r0000gn/T/rust_mozprofileBLXLsH/search.json.mozlz4", (void 0)))
DevTools listening on ws://127.0.0.1:57844/devtools/browser/c6f638bc-867e-422f-a4a3-ce4cce78706e
JavaScript warning: https://demowebshop.tricentis.com/Scripts/jquery-1.10.2.min.js, line 19: Using //@ to indicate sourceMappingURL pragmas is deprecated. Use //# instead
console.warn: LoginRecipes: "Falling back to a synchronous message for: https://demowebshop.tricentis.com."
console.warn: LoginRecipes: "Falling back to a synchronous message for: https://demowebshop.tricentis.com."
JavaScript warning: https://demowebshop.tricentis.com/Scripts/jquery-1.10.2.min.js, line 19: Using //@ to indicate sourceMappingURL pragmas is deprecated. Use //# instead
console.warn: LoginRecipes: "Falling back to a synchronous message for: https://demowebshop.tricentis.com."
JavaScript warning: https://demowebshop.tricentis.com/Scripts/jquery-1.10.2.min.js, line 19: Using //@ to indicate sourceMappingURL pragmas is deprecated. Use //# instead
console.warn: LoginRecipes: "Falling back to a synchronous message for: https://demowebshop.tricentis.com."
console.warn: LoginRecipes: "Falling back to a synchronous message for: https://demowebshop.tricentis.com."
JavaScript warning: https://demowebshop.tricentis.com/Scripts/jquery-1.10.2.min.js, line 19: Using //@ to indicate sourceMappingURL pragmas is deprecated. Use //# instead
1679562893083	Marionette	INFO	Stopped listening on port 57853
